  Background.cpp
c:\users\josh\downloads\oxygine-framework-with-sdl (1)\oxygine-framework\examples\demobox2d\src\random2.h(65): warning C4018: '>=': signed/unsigned mismatch
c:\users\josh\downloads\oxygine-framework-with-sdl (1)\oxygine-framework\examples\demobox2d\src\random2.h(102): warning C4244: '=': conversion from 'int' to 'float', possible loss of data
c:\users\josh\downloads\oxygine-framework-with-sdl (1)\oxygine-framework\examples\demobox2d\src\random2.h(103): warning C4244: '=': conversion from 'int' to 'float', possible loss of data
c:\users\josh\downloads\oxygine-framework-with-sdl (1)\oxygine-framework\examples\demobox2d\src\random2.h(107): warning C4244: 'initializing': conversion from 'int' to 'float', possible loss of data
c:\users\josh\downloads\oxygine-framework-with-sdl (1)\oxygine-framework\examples\demobox2d\src\random2.h(116): warning C4018: '>=': signed/unsigned mismatch
c:\users\josh\downloads\oxygine-framework-with-sdl (1)\oxygine-framework\examples\demobox2d\src\random2.h(157): warning C4018: '>=': signed/unsigned mismatch
c:\users\josh\downloads\oxygine-framework-with-sdl (1)\oxygine-framework\examples\demobox2d\src\Balloon.h(21): warning C4305: 'argument': truncation from 'double' to 'float'
..\src\Background.cpp(66): warning C4800: 'unsigned char': forcing value to bool 'true' or 'false' (performance warning)
..\src\Background.cpp(122): warning C4244: 'argument': conversion from 'float' to 'int', possible loss of data
..\src\Background.cpp(175): warning C4244: 'argument': conversion from 'int' to 'float', possible loss of data
..\src\Background.cpp(182): warning C4244: 'argument': conversion from 'int' to 'float', possible loss of data
..\src\Background.cpp(183): warning C4244: 'argument': conversion from 'int' to 'float', possible loss of data
  Bird_Nest.cpp
c:\users\josh\downloads\oxygine-framework-with-sdl (1)\oxygine-framework\examples\demobox2d\src\random2.h(65): warning C4018: '>=': signed/unsigned mismatch
c:\users\josh\downloads\oxygine-framework-with-sdl (1)\oxygine-framework\examples\demobox2d\src\random2.h(102): warning C4244: '=': conversion from 'int' to 'float', possible loss of data
c:\users\josh\downloads\oxygine-framework-with-sdl (1)\oxygine-framework\examples\demobox2d\src\random2.h(103): warning C4244: '=': conversion from 'int' to 'float', possible loss of data
c:\users\josh\downloads\oxygine-framework-with-sdl (1)\oxygine-framework\examples\demobox2d\src\random2.h(107): warning C4244: 'initializing': conversion from 'int' to 'float', possible loss of data
c:\users\josh\downloads\oxygine-framework-with-sdl (1)\oxygine-framework\examples\demobox2d\src\random2.h(116): warning C4018: '>=': signed/unsigned mismatch
c:\users\josh\downloads\oxygine-framework-with-sdl (1)\oxygine-framework\examples\demobox2d\src\random2.h(157): warning C4018: '>=': signed/unsigned mismatch
c:\users\josh\downloads\oxygine-framework-with-sdl (1)\oxygine-framework\examples\demobox2d\src\Balloon.h(21): warning C4305: 'argument': truncation from 'double' to 'float'
  Black_hole.cpp
c:\users\josh\downloads\oxygine-framework-with-sdl (1)\oxygine-framework\examples\demobox2d\src\random2.h(65): warning C4018: '>=': signed/unsigned mismatch
c:\users\josh\downloads\oxygine-framework-with-sdl (1)\oxygine-framework\examples\demobox2d\src\random2.h(102): warning C4244: '=': conversion from 'int' to 'float', possible loss of data
c:\users\josh\downloads\oxygine-framework-with-sdl (1)\oxygine-framework\examples\demobox2d\src\random2.h(103): warning C4244: '=': conversion from 'int' to 'float', possible loss of data
c:\users\josh\downloads\oxygine-framework-with-sdl (1)\oxygine-framework\examples\demobox2d\src\random2.h(107): warning C4244: 'initializing': conversion from 'int' to 'float', possible loss of data
c:\users\josh\downloads\oxygine-framework-with-sdl (1)\oxygine-framework\examples\demobox2d\src\random2.h(116): warning C4018: '>=': signed/unsigned mismatch
c:\users\josh\downloads\oxygine-framework-with-sdl (1)\oxygine-framework\examples\demobox2d\src\random2.h(157): warning C4018: '>=': signed/unsigned mismatch
c:\users\josh\downloads\oxygine-framework-with-sdl (1)\oxygine-framework\examples\demobox2d\src\Balloon.h(21): warning C4305: 'argument': truncation from 'double' to 'float'
..\src\Black_hole.cpp(11): warning C4244: 'argument': conversion from 'double' to 'float', possible loss of data
..\src\Black_hole.cpp(25): warning C4244: 'argument': conversion from 'double' to 'float', possible loss of data
..\src\Black_hole.cpp(201): warning C4305: '*=': truncation from 'double' to 'float'
  Bubble.cpp
c:\users\josh\downloads\oxygine-framework-with-sdl (1)\oxygine-framework\examples\demobox2d\src\random2.h(65): warning C4018: '>=': signed/unsigned mismatch
c:\users\josh\downloads\oxygine-framework-with-sdl (1)\oxygine-framework\examples\demobox2d\src\random2.h(102): warning C4244: '=': conversion from 'int' to 'float', possible loss of data
c:\users\josh\downloads\oxygine-framework-with-sdl (1)\oxygine-framework\examples\demobox2d\src\random2.h(103): warning C4244: '=': conversion from 'int' to 'float', possible loss of data
c:\users\josh\downloads\oxygine-framework-with-sdl (1)\oxygine-framework\examples\demobox2d\src\random2.h(107): warning C4244: 'initializing': conversion from 'int' to 'float', possible loss of data
c:\users\josh\downloads\oxygine-framework-with-sdl (1)\oxygine-framework\examples\demobox2d\src\random2.h(116): warning C4018: '>=': signed/unsigned mismatch
c:\users\josh\downloads\oxygine-framework-with-sdl (1)\oxygine-framework\examples\demobox2d\src\random2.h(157): warning C4018: '>=': signed/unsigned mismatch
c:\users\josh\downloads\oxygine-framework-with-sdl (1)\oxygine-framework\examples\demobox2d\src\Balloon.h(21): warning C4305: 'argument': truncation from 'double' to 'float'
..\src\Bubble.cpp(16): warning C4244: 'argument': conversion from 'int' to 'float', possible loss of data
..\src\Bubble.cpp(39): warning C4244: 'argument': conversion from 'int' to 'float', possible loss of data
..\src\Bubble.cpp(72): warning C4244: 'argument': conversion from 'float' to 'int', possible loss of data
  Chainsaw.cpp
c:\users\josh\downloads\oxygine-framework-with-sdl (1)\oxygine-framework\examples\demobox2d\src\random2.h(65): warning C4018: '>=': signed/unsigned mismatch
c:\users\josh\downloads\oxygine-framework-with-sdl (1)\oxygine-framework\examples\demobox2d\src\random2.h(102): warning C4244: '=': conversion from 'int' to 'float', possible loss of data
c:\users\josh\downloads\oxygine-framework-with-sdl (1)\oxygine-framework\examples\demobox2d\src\random2.h(103): warning C4244: '=': conversion from 'int' to 'float', possible loss of data
c:\users\josh\downloads\oxygine-framework-with-sdl (1)\oxygine-framework\examples\demobox2d\src\random2.h(107): warning C4244: 'initializing': conversion from 'int' to 'float', possible loss of data
c:\users\josh\downloads\oxygine-framework-with-sdl (1)\oxygine-framework\examples\demobox2d\src\random2.h(116): warning C4018: '>=': signed/unsigned mismatch
c:\users\josh\downloads\oxygine-framework-with-sdl (1)\oxygine-framework\examples\demobox2d\src\random2.h(157): warning C4018: '>=': signed/unsigned mismatch
c:\users\josh\downloads\oxygine-framework-with-sdl (1)\oxygine-framework\examples\demobox2d\src\Balloon.h(21): warning C4305: 'argument': truncation from 'double' to 'float'
..\src\Chainsaw.cpp(59): warning C4244: 'argument': conversion from 'const float' to 'int', possible loss of data
..\src\Chainsaw.cpp(60): warning C4244: 'argument': conversion from 'const float' to 'int', possible loss of data
  Character.cpp
c:\users\josh\downloads\oxygine-framework-with-sdl (1)\oxygine-framework\examples\demobox2d\src\random2.h(65): warning C4018: '>=': signed/unsigned mismatch
c:\users\josh\downloads\oxygine-framework-with-sdl (1)\oxygine-framework\examples\demobox2d\src\random2.h(102): warning C4244: '=': conversion from 'int' to 'float', possible loss of data
c:\users\josh\downloads\oxygine-framework-with-sdl (1)\oxygine-framework\examples\demobox2d\src\random2.h(103): warning C4244: '=': conversion from 'int' to 'float', possible loss of data
c:\users\josh\downloads\oxygine-framework-with-sdl (1)\oxygine-framework\examples\demobox2d\src\random2.h(107): warning C4244: 'initializing': conversion from 'int' to 'float', possible loss of data
c:\users\josh\downloads\oxygine-framework-with-sdl (1)\oxygine-framework\examples\demobox2d\src\random2.h(116): warning C4018: '>=': signed/unsigned mismatch
c:\users\josh\downloads\oxygine-framework-with-sdl (1)\oxygine-framework\examples\demobox2d\src\random2.h(157): warning C4018: '>=': signed/unsigned mismatch
c:\users\josh\downloads\oxygine-framework-with-sdl (1)\oxygine-framework\examples\demobox2d\src\Balloon.h(21): warning C4305: 'argument': truncation from 'double' to 'float'
  Contact_Listener.cpp
c:\users\josh\downloads\oxygine-framework-with-sdl (1)\oxygine-framework\examples\demobox2d\src\random2.h(65): warning C4018: '>=': signed/unsigned mismatch
c:\users\josh\downloads\oxygine-framework-with-sdl (1)\oxygine-framework\examples\demobox2d\src\random2.h(102): warning C4244: '=': conversion from 'int' to 'float', possible loss of data
c:\users\josh\downloads\oxygine-framework-with-sdl (1)\oxygine-framework\examples\demobox2d\src\random2.h(103): warning C4244: '=': conversion from 'int' to 'float', possible loss of data
c:\users\josh\downloads\oxygine-framework-with-sdl (1)\oxygine-framework\examples\demobox2d\src\random2.h(107): warning C4244: 'initializing': conversion from 'int' to 'float', possible loss of data
c:\users\josh\downloads\oxygine-framework-with-sdl (1)\oxygine-framework\examples\demobox2d\src\random2.h(116): warning C4018: '>=': signed/unsigned mismatch
c:\users\josh\downloads\oxygine-framework-with-sdl (1)\oxygine-framework\examples\demobox2d\src\random2.h(157): warning C4018: '>=': signed/unsigned mismatch
c:\users\josh\downloads\oxygine-framework-with-sdl (1)\oxygine-framework\examples\demobox2d\src\Balloon.h(21): warning C4305: 'argument': truncation from 'double' to 'float'
  D_Invisible_M3.cpp
c:\users\josh\downloads\oxygine-framework-with-sdl (1)\oxygine-framework\examples\demobox2d\src\random2.h(65): warning C4018: '>=': signed/unsigned mismatch
c:\users\josh\downloads\oxygine-framework-with-sdl (1)\oxygine-framework\examples\demobox2d\src\random2.h(102): warning C4244: '=': conversion from 'int' to 'float', possible loss of data
c:\users\josh\downloads\oxygine-framework-with-sdl (1)\oxygine-framework\examples\demobox2d\src\random2.h(103): warning C4244: '=': conversion from 'int' to 'float', possible loss of data
c:\users\josh\downloads\oxygine-framework-with-sdl (1)\oxygine-framework\examples\demobox2d\src\random2.h(107): warning C4244: 'initializing': conversion from 'int' to 'float', possible loss of data
c:\users\josh\downloads\oxygine-framework-with-sdl (1)\oxygine-framework\examples\demobox2d\src\random2.h(116): warning C4018: '>=': signed/unsigned mismatch
c:\users\josh\downloads\oxygine-framework-with-sdl (1)\oxygine-framework\examples\demobox2d\src\random2.h(157): warning C4018: '>=': signed/unsigned mismatch
c:\users\josh\downloads\oxygine-framework-with-sdl (1)\oxygine-framework\examples\demobox2d\src\Balloon.h(21): warning C4305: 'argument': truncation from 'double' to 'float'
  D_Islands.cpp
c:\users\josh\downloads\oxygine-framework-with-sdl (1)\oxygine-framework\examples\demobox2d\src\random2.h(65): warning C4018: '>=': signed/unsigned mismatch
c:\users\josh\downloads\oxygine-framework-with-sdl (1)\oxygine-framework\examples\demobox2d\src\random2.h(102): warning C4244: '=': conversion from 'int' to 'float', possible loss of data
c:\users\josh\downloads\oxygine-framework-with-sdl (1)\oxygine-framework\examples\demobox2d\src\random2.h(103): warning C4244: '=': conversion from 'int' to 'float', possible loss of data
c:\users\josh\downloads\oxygine-framework-with-sdl (1)\oxygine-framework\examples\demobox2d\src\random2.h(107): warning C4244: 'initializing': conversion from 'int' to 'float', possible loss of data
c:\users\josh\downloads\oxygine-framework-with-sdl (1)\oxygine-framework\examples\demobox2d\src\random2.h(116): warning C4018: '>=': signed/unsigned mismatch
c:\users\josh\downloads\oxygine-framework-with-sdl (1)\oxygine-framework\examples\demobox2d\src\random2.h(157): warning C4018: '>=': signed/unsigned mismatch
c:\users\josh\downloads\oxygine-framework-with-sdl (1)\oxygine-framework\examples\demobox2d\src\Balloon.h(21): warning C4305: 'argument': truncation from 'double' to 'float'
..\src\D_Islands.cpp(36): warning C4244: 'argument': conversion from 'float' to 'unsigned int', possible loss of data
..\src\D_Islands.cpp(36): warning C4244: 'initializing': conversion from 'int' to 'float', possible loss of data
..\src\D_Islands.cpp(37): warning C4244: 'argument': conversion from 'float' to 'unsigned int', possible loss of data
..\src\D_Islands.cpp(37): warning C4244: 'initializing': conversion from 'int' to 'float', possible loss of data
  D_Line.cpp
c:\users\josh\downloads\oxygine-framework-with-sdl (1)\oxygine-framework\examples\demobox2d\src\random2.h(65): warning C4018: '>=': signed/unsigned mismatch
c:\users\josh\downloads\oxygine-framework-with-sdl (1)\oxygine-framework\examples\demobox2d\src\random2.h(102): warning C4244: '=': conversion from 'int' to 'float', possible loss of data
c:\users\josh\downloads\oxygine-framework-with-sdl (1)\oxygine-framework\examples\demobox2d\src\random2.h(103): warning C4244: '=': conversion from 'int' to 'float', possible loss of data
c:\users\josh\downloads\oxygine-framework-with-sdl (1)\oxygine-framework\examples\demobox2d\src\random2.h(107): warning C4244: 'initializing': conversion from 'int' to 'float', possible loss of data
c:\users\josh\downloads\oxygine-framework-with-sdl (1)\oxygine-framework\examples\demobox2d\src\random2.h(116): warning C4018: '>=': signed/unsigned mismatch
c:\users\josh\downloads\oxygine-framework-with-sdl (1)\oxygine-framework\examples\demobox2d\src\random2.h(157): warning C4018: '>=': signed/unsigned mismatch
c:\users\josh\downloads\oxygine-framework-with-sdl (1)\oxygine-framework\examples\demobox2d\src\Balloon.h(21): warning C4305: 'argument': truncation from 'double' to 'float'
..\src\D_Line.cpp(98): warning C4244: 'argument': conversion from 'int' to 'float', possible loss of data
..\src\D_Line.cpp(115): warning C4244: 'argument': conversion from 'int' to 'float', possible loss of data
..\src\D_Line.cpp(125): warning C4244: 'argument': conversion from 'int' to 'float', possible loss of data
  D_Visible_M3.cpp
c:\users\josh\downloads\oxygine-framework-with-sdl (1)\oxygine-framework\examples\demobox2d\src\random2.h(65): warning C4018: '>=': signed/unsigned mismatch
c:\users\josh\downloads\oxygine-framework-with-sdl (1)\oxygine-framework\examples\demobox2d\src\random2.h(102): warning C4244: '=': conversion from 'int' to 'float', possible loss of data
c:\users\josh\downloads\oxygine-framework-with-sdl (1)\oxygine-framework\examples\demobox2d\src\random2.h(103): warning C4244: '=': conversion from 'int' to 'float', possible loss of data
c:\users\josh\downloads\oxygine-framework-with-sdl (1)\oxygine-framework\examples\demobox2d\src\random2.h(107): warning C4244: 'initializing': conversion from 'int' to 'float', possible loss of data
c:\users\josh\downloads\oxygine-framework-with-sdl (1)\oxygine-framework\examples\demobox2d\src\random2.h(116): warning C4018: '>=': signed/unsigned mismatch
c:\users\josh\downloads\oxygine-framework-with-sdl (1)\oxygine-framework\examples\demobox2d\src\random2.h(157): warning C4018: '>=': signed/unsigned mismatch
c:\users\josh\downloads\oxygine-framework-with-sdl (1)\oxygine-framework\examples\demobox2d\src\Balloon.h(21): warning C4305: 'argument': truncation from 'double' to 'float'
  Dynamic_M2.cpp
c:\users\josh\downloads\oxygine-framework-with-sdl (1)\oxygine-framework\examples\demobox2d\src\random2.h(65): warning C4018: '>=': signed/unsigned mismatch
c:\users\josh\downloads\oxygine-framework-with-sdl (1)\oxygine-framework\examples\demobox2d\src\random2.h(102): warning C4244: '=': conversion from 'int' to 'float', possible loss of data
c:\users\josh\downloads\oxygine-framework-with-sdl (1)\oxygine-framework\examples\demobox2d\src\random2.h(103): warning C4244: '=': conversion from 'int' to 'float', possible loss of data
c:\users\josh\downloads\oxygine-framework-with-sdl (1)\oxygine-framework\examples\demobox2d\src\random2.h(107): warning C4244: 'initializing': conversion from 'int' to 'float', possible loss of data
c:\users\josh\downloads\oxygine-framework-with-sdl (1)\oxygine-framework\examples\demobox2d\src\random2.h(116): warning C4018: '>=': signed/unsigned mismatch
c:\users\josh\downloads\oxygine-framework-with-sdl (1)\oxygine-framework\examples\demobox2d\src\random2.h(157): warning C4018: '>=': signed/unsigned mismatch
c:\users\josh\downloads\oxygine-framework-with-sdl (1)\oxygine-framework\examples\demobox2d\src\Balloon.h(21): warning C4305: 'argument': truncation from 'double' to 'float'
  Engine_M.cpp
c:\users\josh\downloads\oxygine-framework-with-sdl (1)\oxygine-framework\examples\demobox2d\src\random2.h(65): warning C4018: '>=': signed/unsigned mismatch
c:\users\josh\downloads\oxygine-framework-with-sdl (1)\oxygine-framework\examples\demobox2d\src\random2.h(102): warning C4244: '=': conversion from 'int' to 'float', possible loss of data
c:\users\josh\downloads\oxygine-framework-with-sdl (1)\oxygine-framework\examples\demobox2d\src\random2.h(103): warning C4244: '=': conversion from 'int' to 'float', possible loss of data
c:\users\josh\downloads\oxygine-framework-with-sdl (1)\oxygine-framework\examples\demobox2d\src\random2.h(107): warning C4244: 'initializing': conversion from 'int' to 'float', possible loss of data
c:\users\josh\downloads\oxygine-framework-with-sdl (1)\oxygine-framework\examples\demobox2d\src\random2.h(116): warning C4018: '>=': signed/unsigned mismatch
c:\users\josh\downloads\oxygine-framework-with-sdl (1)\oxygine-framework\examples\demobox2d\src\random2.h(157): warning C4018: '>=': signed/unsigned mismatch
c:\users\josh\downloads\oxygine-framework-with-sdl (1)\oxygine-framework\examples\demobox2d\src\Balloon.h(21): warning C4305: 'argument': truncation from 'double' to 'float'
  Final_Bird.cpp
c:\users\josh\downloads\oxygine-framework-with-sdl (1)\oxygine-framework\examples\demobox2d\src\random2.h(65): warning C4018: '>=': signed/unsigned mismatch
c:\users\josh\downloads\oxygine-framework-with-sdl (1)\oxygine-framework\examples\demobox2d\src\random2.h(102): warning C4244: '=': conversion from 'int' to 'float', possible loss of data
c:\users\josh\downloads\oxygine-framework-with-sdl (1)\oxygine-framework\examples\demobox2d\src\random2.h(103): warning C4244: '=': conversion from 'int' to 'float', possible loss of data
c:\users\josh\downloads\oxygine-framework-with-sdl (1)\oxygine-framework\examples\demobox2d\src\random2.h(107): warning C4244: 'initializing': conversion from 'int' to 'float', possible loss of data
c:\users\josh\downloads\oxygine-framework-with-sdl (1)\oxygine-framework\examples\demobox2d\src\random2.h(116): warning C4018: '>=': signed/unsigned mismatch
c:\users\josh\downloads\oxygine-framework-with-sdl (1)\oxygine-framework\examples\demobox2d\src\random2.h(157): warning C4018: '>=': signed/unsigned mismatch
c:\users\josh\downloads\oxygine-framework-with-sdl (1)\oxygine-framework\examples\demobox2d\src\Balloon.h(21): warning C4305: 'argument': truncation from 'double' to 'float'
..\src\Final_Bird.cpp(140): warning C4244: 'argument': conversion from 'double' to 'float', possible loss of data
..\src\Final_Bird.cpp(152): warning C4305: '=': truncation from 'double' to 'float32'
..\src\Final_Bird.cpp(166): warning C4244: 'argument': conversion from 'double' to 'float', possible loss of data
  ForceField.cpp
c:\users\josh\downloads\oxygine-framework-with-sdl (1)\oxygine-framework\examples\demobox2d\src\random2.h(65): warning C4018: '>=': signed/unsigned mismatch
c:\users\josh\downloads\oxygine-framework-with-sdl (1)\oxygine-framework\examples\demobox2d\src\random2.h(102): warning C4244: '=': conversion from 'int' to 'float', possible loss of data
c:\users\josh\downloads\oxygine-framework-with-sdl (1)\oxygine-framework\examples\demobox2d\src\random2.h(103): warning C4244: '=': conversion from 'int' to 'float', possible loss of data
c:\users\josh\downloads\oxygine-framework-with-sdl (1)\oxygine-framework\examples\demobox2d\src\random2.h(107): warning C4244: 'initializing': conversion from 'int' to 'float', possible loss of data
c:\users\josh\downloads\oxygine-framework-with-sdl (1)\oxygine-framework\examples\demobox2d\src\random2.h(116): warning C4018: '>=': signed/unsigned mismatch
c:\users\josh\downloads\oxygine-framework-with-sdl (1)\oxygine-framework\examples\demobox2d\src\random2.h(157): warning C4018: '>=': signed/unsigned mismatch
c:\users\josh\downloads\oxygine-framework-with-sdl (1)\oxygine-framework\examples\demobox2d\src\Balloon.h(21): warning C4305: 'argument': truncation from 'double' to 'float'
..\src\ForceField.cpp(7): warning C4244: 'initializing': conversion from 'float' to 'unsigned int', possible loss of data
  Fuel_Gauge.cpp
c:\users\josh\downloads\oxygine-framework-with-sdl (1)\oxygine-framework\examples\demobox2d\src\random2.h(65): warning C4018: '>=': signed/unsigned mismatch
c:\users\josh\downloads\oxygine-framework-with-sdl (1)\oxygine-framework\examples\demobox2d\src\random2.h(102): warning C4244: '=': conversion from 'int' to 'float', possible loss of data
c:\users\josh\downloads\oxygine-framework-with-sdl (1)\oxygine-framework\examples\demobox2d\src\random2.h(103): warning C4244: '=': conversion from 'int' to 'float', possible loss of data
c:\users\josh\downloads\oxygine-framework-with-sdl (1)\oxygine-framework\examples\demobox2d\src\random2.h(107): warning C4244: 'initializing': conversion from 'int' to 'float', possible loss of data
c:\users\josh\downloads\oxygine-framework-with-sdl (1)\oxygine-framework\examples\demobox2d\src\random2.h(116): warning C4018: '>=': signed/unsigned mismatch
c:\users\josh\downloads\oxygine-framework-with-sdl (1)\oxygine-framework\examples\demobox2d\src\random2.h(157): warning C4018: '>=': signed/unsigned mismatch
c:\users\josh\downloads\oxygine-framework-with-sdl (1)\oxygine-framework\examples\demobox2d\src\Balloon.h(21): warning C4305: 'argument': truncation from 'double' to 'float'
..\src\Fuel_Gauge.cpp(14): warning C4244: 'initializing': conversion from 'double' to 'float', possible loss of data
  GF.cpp
c:\users\josh\downloads\oxygine-framework-with-sdl (1)\oxygine-framework\examples\demobox2d\src\random2.h(65): warning C4018: '>=': signed/unsigned mismatch
c:\users\josh\downloads\oxygine-framework-with-sdl (1)\oxygine-framework\examples\demobox2d\src\random2.h(102): warning C4244: '=': conversion from 'int' to 'float', possible loss of data
c:\users\josh\downloads\oxygine-framework-with-sdl (1)\oxygine-framework\examples\demobox2d\src\random2.h(103): warning C4244: '=': conversion from 'int' to 'float', possible loss of data
c:\users\josh\downloads\oxygine-framework-with-sdl (1)\oxygine-framework\examples\demobox2d\src\random2.h(107): warning C4244: 'initializing': conversion from 'int' to 'float', possible loss of data
c:\users\josh\downloads\oxygine-framework-with-sdl (1)\oxygine-framework\examples\demobox2d\src\random2.h(116): warning C4018: '>=': signed/unsigned mismatch
c:\users\josh\downloads\oxygine-framework-with-sdl (1)\oxygine-framework\examples\demobox2d\src\random2.h(157): warning C4018: '>=': signed/unsigned mismatch
c:\users\josh\downloads\oxygine-framework-with-sdl (1)\oxygine-framework\examples\demobox2d\src\Balloon.h(21): warning C4305: 'argument': truncation from 'double' to 'float'
..\src\GF.cpp(27): warning C4244: 'return': conversion from 'double' to 'float', possible loss of data
..\src\GF.cpp(31): warning C4244: 'return': conversion from 'double' to 'float', possible loss of data
  GUI.cpp
c:\users\josh\downloads\oxygine-framework-with-sdl (1)\oxygine-framework\examples\demobox2d\src\random2.h(65): warning C4018: '>=': signed/unsigned mismatch
c:\users\josh\downloads\oxygine-framework-with-sdl (1)\oxygine-framework\examples\demobox2d\src\random2.h(102): warning C4244: '=': conversion from 'int' to 'float', possible loss of data
c:\users\josh\downloads\oxygine-framework-with-sdl (1)\oxygine-framework\examples\demobox2d\src\random2.h(103): warning C4244: '=': conversion from 'int' to 'float', possible loss of data
c:\users\josh\downloads\oxygine-framework-with-sdl (1)\oxygine-framework\examples\demobox2d\src\random2.h(107): warning C4244: 'initializing': conversion from 'int' to 'float', possible loss of data
c:\users\josh\downloads\oxygine-framework-with-sdl (1)\oxygine-framework\examples\demobox2d\src\random2.h(116): warning C4018: '>=': signed/unsigned mismatch
c:\users\josh\downloads\oxygine-framework-with-sdl (1)\oxygine-framework\examples\demobox2d\src\random2.h(157): warning C4018: '>=': signed/unsigned mismatch
c:\users\josh\downloads\oxygine-framework-with-sdl (1)\oxygine-framework\examples\demobox2d\src\Balloon.h(21): warning C4305: 'argument': truncation from 'double' to 'float'
..\src\GUI.cpp(243): warning C4244: 'initializing': conversion from 'double' to 'unsigned int', possible loss of data
..\src\GUI.cpp(738): warning C4244: 'argument': conversion from 'int' to 'float', possible loss of data
  Ground.cpp
c:\users\josh\downloads\oxygine-framework-with-sdl (1)\oxygine-framework\examples\demobox2d\src\random2.h(65): warning C4018: '>=': signed/unsigned mismatch
c:\users\josh\downloads\oxygine-framework-with-sdl (1)\oxygine-framework\examples\demobox2d\src\random2.h(102): warning C4244: '=': conversion from 'int' to 'float', possible loss of data
c:\users\josh\downloads\oxygine-framework-with-sdl (1)\oxygine-framework\examples\demobox2d\src\random2.h(103): warning C4244: '=': conversion from 'int' to 'float', possible loss of data
c:\users\josh\downloads\oxygine-framework-with-sdl (1)\oxygine-framework\examples\demobox2d\src\random2.h(107): warning C4244: 'initializing': conversion from 'int' to 'float', possible loss of data
c:\users\josh\downloads\oxygine-framework-with-sdl (1)\oxygine-framework\examples\demobox2d\src\random2.h(116): warning C4018: '>=': signed/unsigned mismatch
c:\users\josh\downloads\oxygine-framework-with-sdl (1)\oxygine-framework\examples\demobox2d\src\random2.h(157): warning C4018: '>=': signed/unsigned mismatch
c:\users\josh\downloads\oxygine-framework-with-sdl (1)\oxygine-framework\examples\demobox2d\src\Balloon.h(21): warning C4305: 'argument': truncation from 'double' to 'float'
..\src\Ground.cpp(78): warning C4244: 'argument': conversion from 'int' to 'float', possible loss of data
  Hot_Balloon.cpp
c:\users\josh\downloads\oxygine-framework-with-sdl (1)\oxygine-framework\examples\demobox2d\src\random2.h(65): warning C4018: '>=': signed/unsigned mismatch
c:\users\josh\downloads\oxygine-framework-with-sdl (1)\oxygine-framework\examples\demobox2d\src\random2.h(102): warning C4244: '=': conversion from 'int' to 'float', possible loss of data
c:\users\josh\downloads\oxygine-framework-with-sdl (1)\oxygine-framework\examples\demobox2d\src\random2.h(103): warning C4244: '=': conversion from 'int' to 'float', possible loss of data
c:\users\josh\downloads\oxygine-framework-with-sdl (1)\oxygine-framework\examples\demobox2d\src\random2.h(107): warning C4244: 'initializing': conversion from 'int' to 'float', possible loss of data
c:\users\josh\downloads\oxygine-framework-with-sdl (1)\oxygine-framework\examples\demobox2d\src\random2.h(116): warning C4018: '>=': signed/unsigned mismatch
c:\users\josh\downloads\oxygine-framework-with-sdl (1)\oxygine-framework\examples\demobox2d\src\random2.h(157): warning C4018: '>=': signed/unsigned mismatch
c:\users\josh\downloads\oxygine-framework-with-sdl (1)\oxygine-framework\examples\demobox2d\src\Balloon.h(21): warning C4305: 'argument': truncation from 'double' to 'float'
  Compiling...
  I_control.cpp
c:\users\josh\downloads\oxygine-framework-with-sdl (1)\oxygine-framework\examples\demobox2d\src\random2.h(65): warning C4018: '>=': signed/unsigned mismatch
c:\users\josh\downloads\oxygine-framework-with-sdl (1)\oxygine-framework\examples\demobox2d\src\random2.h(102): warning C4244: '=': conversion from 'int' to 'float', possible loss of data
c:\users\josh\downloads\oxygine-framework-with-sdl (1)\oxygine-framework\examples\demobox2d\src\random2.h(103): warning C4244: '=': conversion from 'int' to 'float', possible loss of data
c:\users\josh\downloads\oxygine-framework-with-sdl (1)\oxygine-framework\examples\demobox2d\src\random2.h(107): warning C4244: 'initializing': conversion from 'int' to 'float', possible loss of data
c:\users\josh\downloads\oxygine-framework-with-sdl (1)\oxygine-framework\examples\demobox2d\src\random2.h(116): warning C4018: '>=': signed/unsigned mismatch
c:\users\josh\downloads\oxygine-framework-with-sdl (1)\oxygine-framework\examples\demobox2d\src\random2.h(157): warning C4018: '>=': signed/unsigned mismatch
c:\users\josh\downloads\oxygine-framework-with-sdl (1)\oxygine-framework\examples\demobox2d\src\Balloon.h(21): warning C4305: 'argument': truncation from 'double' to 'float'
  K_Invisible_M3.cpp
c:\users\josh\downloads\oxygine-framework-with-sdl (1)\oxygine-framework\examples\demobox2d\src\random2.h(65): warning C4018: '>=': signed/unsigned mismatch
c:\users\josh\downloads\oxygine-framework-with-sdl (1)\oxygine-framework\examples\demobox2d\src\random2.h(102): warning C4244: '=': conversion from 'int' to 'float', possible loss of data
c:\users\josh\downloads\oxygine-framework-with-sdl (1)\oxygine-framework\examples\demobox2d\src\random2.h(103): warning C4244: '=': conversion from 'int' to 'float', possible loss of data
c:\users\josh\downloads\oxygine-framework-with-sdl (1)\oxygine-framework\examples\demobox2d\src\random2.h(107): warning C4244: 'initializing': conversion from 'int' to 'float', possible loss of data
c:\users\josh\downloads\oxygine-framework-with-sdl (1)\oxygine-framework\examples\demobox2d\src\random2.h(116): warning C4018: '>=': signed/unsigned mismatch
c:\users\josh\downloads\oxygine-framework-with-sdl (1)\oxygine-framework\examples\demobox2d\src\random2.h(157): warning C4018: '>=': signed/unsigned mismatch
c:\users\josh\downloads\oxygine-framework-with-sdl (1)\oxygine-framework\examples\demobox2d\src\Balloon.h(21): warning C4305: 'argument': truncation from 'double' to 'float'
  K_Visible_M3.cpp
c:\users\josh\downloads\oxygine-framework-with-sdl (1)\oxygine-framework\examples\demobox2d\src\random2.h(65): warning C4018: '>=': signed/unsigned mismatch
c:\users\josh\downloads\oxygine-framework-with-sdl (1)\oxygine-framework\examples\demobox2d\src\random2.h(102): warning C4244: '=': conversion from 'int' to 'float', possible loss of data
c:\users\josh\downloads\oxygine-framework-with-sdl (1)\oxygine-framework\examples\demobox2d\src\random2.h(103): warning C4244: '=': conversion from 'int' to 'float', possible loss of data
c:\users\josh\downloads\oxygine-framework-with-sdl (1)\oxygine-framework\examples\demobox2d\src\random2.h(107): warning C4244: 'initializing': conversion from 'int' to 'float', possible loss of data
c:\users\josh\downloads\oxygine-framework-with-sdl (1)\oxygine-framework\examples\demobox2d\src\random2.h(116): warning C4018: '>=': signed/unsigned mismatch
c:\users\josh\downloads\oxygine-framework-with-sdl (1)\oxygine-framework\examples\demobox2d\src\random2.h(157): warning C4018: '>=': signed/unsigned mismatch
c:\users\josh\downloads\oxygine-framework-with-sdl (1)\oxygine-framework\examples\demobox2d\src\Balloon.h(21): warning C4305: 'argument': truncation from 'double' to 'float'
  Kinematic_M2.cpp
c:\users\josh\downloads\oxygine-framework-with-sdl (1)\oxygine-framework\examples\demobox2d\src\random2.h(65): warning C4018: '>=': signed/unsigned mismatch
c:\users\josh\downloads\oxygine-framework-with-sdl (1)\oxygine-framework\examples\demobox2d\src\random2.h(102): warning C4244: '=': conversion from 'int' to 'float', possible loss of data
c:\users\josh\downloads\oxygine-framework-with-sdl (1)\oxygine-framework\examples\demobox2d\src\random2.h(103): warning C4244: '=': conversion from 'int' to 'float', possible loss of data
c:\users\josh\downloads\oxygine-framework-with-sdl (1)\oxygine-framework\examples\demobox2d\src\random2.h(107): warning C4244: 'initializing': conversion from 'int' to 'float', possible loss of data
c:\users\josh\downloads\oxygine-framework-with-sdl (1)\oxygine-framework\examples\demobox2d\src\random2.h(116): warning C4018: '>=': signed/unsigned mismatch
c:\users\josh\downloads\oxygine-framework-with-sdl (1)\oxygine-framework\examples\demobox2d\src\random2.h(157): warning C4018: '>=': signed/unsigned mismatch
c:\users\josh\downloads\oxygine-framework-with-sdl (1)\oxygine-framework\examples\demobox2d\src\Balloon.h(21): warning C4305: 'argument': truncation from 'double' to 'float'
  P_System.cpp
c:\users\josh\downloads\oxygine-framework-with-sdl (1)\oxygine-framework\examples\demobox2d\src\random2.h(65): warning C4018: '>=': signed/unsigned mismatch
c:\users\josh\downloads\oxygine-framework-with-sdl (1)\oxygine-framework\examples\demobox2d\src\random2.h(102): warning C4244: '=': conversion from 'int' to 'float', possible loss of data
c:\users\josh\downloads\oxygine-framework-with-sdl (1)\oxygine-framework\examples\demobox2d\src\random2.h(103): warning C4244: '=': conversion from 'int' to 'float', possible loss of data
c:\users\josh\downloads\oxygine-framework-with-sdl (1)\oxygine-framework\examples\demobox2d\src\random2.h(107): warning C4244: 'initializing': conversion from 'int' to 'float', possible loss of data
c:\users\josh\downloads\oxygine-framework-with-sdl (1)\oxygine-framework\examples\demobox2d\src\random2.h(116): warning C4018: '>=': signed/unsigned mismatch
c:\users\josh\downloads\oxygine-framework-with-sdl (1)\oxygine-framework\examples\demobox2d\src\random2.h(157): warning C4018: '>=': signed/unsigned mismatch
c:\users\josh\downloads\oxygine-framework-with-sdl (1)\oxygine-framework\examples\demobox2d\src\Balloon.h(21): warning C4305: 'argument': truncation from 'double' to 'float'
  Particle.cpp
c:\users\josh\downloads\oxygine-framework-with-sdl (1)\oxygine-framework\examples\demobox2d\src\random2.h(65): warning C4018: '>=': signed/unsigned mismatch
c:\users\josh\downloads\oxygine-framework-with-sdl (1)\oxygine-framework\examples\demobox2d\src\random2.h(102): warning C4244: '=': conversion from 'int' to 'float', possible loss of data
c:\users\josh\downloads\oxygine-framework-with-sdl (1)\oxygine-framework\examples\demobox2d\src\random2.h(103): warning C4244: '=': conversion from 'int' to 'float', possible loss of data
c:\users\josh\downloads\oxygine-framework-with-sdl (1)\oxygine-framework\examples\demobox2d\src\random2.h(107): warning C4244: 'initializing': conversion from 'int' to 'float', possible loss of data
c:\users\josh\downloads\oxygine-framework-with-sdl (1)\oxygine-framework\examples\demobox2d\src\random2.h(116): warning C4018: '>=': signed/unsigned mismatch
c:\users\josh\downloads\oxygine-framework-with-sdl (1)\oxygine-framework\examples\demobox2d\src\random2.h(157): warning C4018: '>=': signed/unsigned mismatch
c:\users\josh\downloads\oxygine-framework-with-sdl (1)\oxygine-framework\examples\demobox2d\src\Balloon.h(21): warning C4305: 'argument': truncation from 'double' to 'float'
..\src\Particle.cpp(43): warning C4244: 'argument': conversion from 'unsigned int' to 'float', possible loss of data
..\src\Particle.cpp(59): warning C4244: 'argument': conversion from 'unsigned int' to 'float', possible loss of data
..\src\Particle.cpp(89): warning C4244: 'argument': conversion from 'unsigned int' to 'float', possible loss of data
..\src\Particle.cpp(105): warning C4244: 'argument': conversion from 'unsigned int' to 'float', possible loss of data
..\src\Particle.cpp(116): warning C4244: '=': conversion from 'unsigned int' to 'float', possible loss of data
..\src\Particle.cpp(160): warning C4244: '=': conversion from 'int' to 'float32', possible loss of data
..\src\Particle.cpp(225): warning C4244: 'argument': conversion from 'float' to 'unsigned char', possible loss of data
  Platform.cpp
c:\users\josh\downloads\oxygine-framework-with-sdl (1)\oxygine-framework\examples\demobox2d\src\random2.h(65): warning C4018: '>=': signed/unsigned mismatch
c:\users\josh\downloads\oxygine-framework-with-sdl (1)\oxygine-framework\examples\demobox2d\src\random2.h(102): warning C4244: '=': conversion from 'int' to 'float', possible loss of data
c:\users\josh\downloads\oxygine-framework-with-sdl (1)\oxygine-framework\examples\demobox2d\src\random2.h(103): warning C4244: '=': conversion from 'int' to 'float', possible loss of data
c:\users\josh\downloads\oxygine-framework-with-sdl (1)\oxygine-framework\examples\demobox2d\src\random2.h(107): warning C4244: 'initializing': conversion from 'int' to 'float', possible loss of data
c:\users\josh\downloads\oxygine-framework-with-sdl (1)\oxygine-framework\examples\demobox2d\src\random2.h(116): warning C4018: '>=': signed/unsigned mismatch
c:\users\josh\downloads\oxygine-framework-with-sdl (1)\oxygine-framework\examples\demobox2d\src\random2.h(157): warning C4018: '>=': signed/unsigned mismatch
c:\users\josh\downloads\oxygine-framework-with-sdl (1)\oxygine-framework\examples\demobox2d\src\Balloon.h(21): warning C4305: 'argument': truncation from 'double' to 'float'
..\src\Platform.cpp(61): warning C4244: 'argument': conversion from 'int' to 'float', possible loss of data
..\src\Platform.cpp(134): warning C4244: 'argument': conversion from 'int' to 'float', possible loss of data
..\src\Platform.cpp(467): warning C4244: 'initializing': conversion from 'int' to 'float', possible loss of data
..\src\Platform.cpp(656): warning C4244: '=': conversion from 'double' to 'int', possible loss of data
  PlayButton.cpp
c:\users\josh\downloads\oxygine-framework-with-sdl (1)\oxygine-framework\examples\demobox2d\src\random2.h(65): warning C4018: '>=': signed/unsigned mismatch
c:\users\josh\downloads\oxygine-framework-with-sdl (1)\oxygine-framework\examples\demobox2d\src\random2.h(102): warning C4244: '=': conversion from 'int' to 'float', possible loss of data
c:\users\josh\downloads\oxygine-framework-with-sdl (1)\oxygine-framework\examples\demobox2d\src\random2.h(103): warning C4244: '=': conversion from 'int' to 'float', possible loss of data
c:\users\josh\downloads\oxygine-framework-with-sdl (1)\oxygine-framework\examples\demobox2d\src\random2.h(107): warning C4244: 'initializing': conversion from 'int' to 'float', possible loss of data
c:\users\josh\downloads\oxygine-framework-with-sdl (1)\oxygine-framework\examples\demobox2d\src\random2.h(116): warning C4018: '>=': signed/unsigned mismatch
c:\users\josh\downloads\oxygine-framework-with-sdl (1)\oxygine-framework\examples\demobox2d\src\random2.h(157): warning C4018: '>=': signed/unsigned mismatch
c:\users\josh\downloads\oxygine-framework-with-sdl (1)\oxygine-framework\examples\demobox2d\src\Balloon.h(21): warning C4305: 'argument': truncation from 'double' to 'float'
  Rain.cpp
c:\users\josh\downloads\oxygine-framework-with-sdl (1)\oxygine-framework\examples\demobox2d\src\random2.h(65): warning C4018: '>=': signed/unsigned mismatch
c:\users\josh\downloads\oxygine-framework-with-sdl (1)\oxygine-framework\examples\demobox2d\src\random2.h(102): warning C4244: '=': conversion from 'int' to 'float', possible loss of data
c:\users\josh\downloads\oxygine-framework-with-sdl (1)\oxygine-framework\examples\demobox2d\src\random2.h(103): warning C4244: '=': conversion from 'int' to 'float', possible loss of data
c:\users\josh\downloads\oxygine-framework-with-sdl (1)\oxygine-framework\examples\demobox2d\src\random2.h(107): warning C4244: 'initializing': conversion from 'int' to 'float', possible loss of data
c:\users\josh\downloads\oxygine-framework-with-sdl (1)\oxygine-framework\examples\demobox2d\src\random2.h(116): warning C4018: '>=': signed/unsigned mismatch
c:\users\josh\downloads\oxygine-framework-with-sdl (1)\oxygine-framework\examples\demobox2d\src\random2.h(157): warning C4018: '>=': signed/unsigned mismatch
c:\users\josh\downloads\oxygine-framework-with-sdl (1)\oxygine-framework\examples\demobox2d\src\Balloon.h(21): warning C4305: 'argument': truncation from 'double' to 'float'
..\src\Rain.cpp(16): warning C4244: 'argument': conversion from 'int' to 'float', possible loss of data
..\src\Rain.cpp(57): warning C4244: 'initializing': conversion from 'float' to 'unsigned int', possible loss of data
  ST.cpp
c:\users\josh\downloads\oxygine-framework-with-sdl (1)\oxygine-framework\examples\demobox2d\src\random2.h(65): warning C4018: '>=': signed/unsigned mismatch
c:\users\josh\downloads\oxygine-framework-with-sdl (1)\oxygine-framework\examples\demobox2d\src\random2.h(102): warning C4244: '=': conversion from 'int' to 'float', possible loss of data
c:\users\josh\downloads\oxygine-framework-with-sdl (1)\oxygine-framework\examples\demobox2d\src\random2.h(103): warning C4244: '=': conversion from 'int' to 'float', possible loss of data
c:\users\josh\downloads\oxygine-framework-with-sdl (1)\oxygine-framework\examples\demobox2d\src\random2.h(107): warning C4244: 'initializing': conversion from 'int' to 'float', possible loss of data
c:\users\josh\downloads\oxygine-framework-with-sdl (1)\oxygine-framework\examples\demobox2d\src\random2.h(116): warning C4018: '>=': signed/unsigned mismatch
c:\users\josh\downloads\oxygine-framework-with-sdl (1)\oxygine-framework\examples\demobox2d\src\random2.h(157): warning C4018: '>=': signed/unsigned mismatch
c:\users\josh\downloads\oxygine-framework-with-sdl (1)\oxygine-framework\examples\demobox2d\src\Balloon.h(21): warning C4305: 'argument': truncation from 'double' to 'float'
c:\users\josh\downloads\oxygine-framework-with-sdl (1)\oxygine-framework\examples\demobox2d\src\ST.h(26): warning C4584: 'BW': base-class 'Filters' is already a base-class of 'K_Visible_M3'
  c:\users\josh\downloads\oxygine-framework-with-sdl (1)\oxygine-framework\examples\demobox2d\src\Filters.h(4): note: see declaration of 'Filters'
  c:\users\josh\downloads\oxygine-framework-with-sdl (1)\oxygine-framework\examples\demobox2d\src\K_Visible_M3.h(3): note: see declaration of 'K_Visible_M3'
  S_Invisible_M3.cpp
c:\users\josh\downloads\oxygine-framework-with-sdl (1)\oxygine-framework\examples\demobox2d\src\random2.h(65): warning C4018: '>=': signed/unsigned mismatch
c:\users\josh\downloads\oxygine-framework-with-sdl (1)\oxygine-framework\examples\demobox2d\src\random2.h(102): warning C4244: '=': conversion from 'int' to 'float', possible loss of data
c:\users\josh\downloads\oxygine-framework-with-sdl (1)\oxygine-framework\examples\demobox2d\src\random2.h(103): warning C4244: '=': conversion from 'int' to 'float', possible loss of data
c:\users\josh\downloads\oxygine-framework-with-sdl (1)\oxygine-framework\examples\demobox2d\src\random2.h(107): warning C4244: 'initializing': conversion from 'int' to 'float', possible loss of data
c:\users\josh\downloads\oxygine-framework-with-sdl (1)\oxygine-framework\examples\demobox2d\src\random2.h(116): warning C4018: '>=': signed/unsigned mismatch
c:\users\josh\downloads\oxygine-framework-with-sdl (1)\oxygine-framework\examples\demobox2d\src\random2.h(157): warning C4018: '>=': signed/unsigned mismatch
c:\users\josh\downloads\oxygine-framework-with-sdl (1)\oxygine-framework\examples\demobox2d\src\Balloon.h(21): warning C4305: 'argument': truncation from 'double' to 'float'
  S_Visible_M3.cpp
c:\users\josh\downloads\oxygine-framework-with-sdl (1)\oxygine-framework\examples\demobox2d\src\random2.h(65): warning C4018: '>=': signed/unsigned mismatch
c:\users\josh\downloads\oxygine-framework-with-sdl (1)\oxygine-framework\examples\demobox2d\src\random2.h(102): warning C4244: '=': conversion from 'int' to 'float', possible loss of data
c:\users\josh\downloads\oxygine-framework-with-sdl (1)\oxygine-framework\examples\demobox2d\src\random2.h(103): warning C4244: '=': conversion from 'int' to 'float', possible loss of data
c:\users\josh\downloads\oxygine-framework-with-sdl (1)\oxygine-framework\examples\demobox2d\src\random2.h(107): warning C4244: 'initializing': conversion from 'int' to 'float', possible loss of data
c:\users\josh\downloads\oxygine-framework-with-sdl (1)\oxygine-framework\examples\demobox2d\src\random2.h(116): warning C4018: '>=': signed/unsigned mismatch
c:\users\josh\downloads\oxygine-framework-with-sdl (1)\oxygine-framework\examples\demobox2d\src\random2.h(157): warning C4018: '>=': signed/unsigned mismatch
c:\users\josh\downloads\oxygine-framework-with-sdl (1)\oxygine-framework\examples\demobox2d\src\Balloon.h(21): warning C4305: 'argument': truncation from 'double' to 'float'
  Ship_Engine.cpp
c:\users\josh\downloads\oxygine-framework-with-sdl (1)\oxygine-framework\examples\demobox2d\src\random2.h(65): warning C4018: '>=': signed/unsigned mismatch
c:\users\josh\downloads\oxygine-framework-with-sdl (1)\oxygine-framework\examples\demobox2d\src\random2.h(102): warning C4244: '=': conversion from 'int' to 'float', possible loss of data
c:\users\josh\downloads\oxygine-framework-with-sdl (1)\oxygine-framework\examples\demobox2d\src\random2.h(103): warning C4244: '=': conversion from 'int' to 'float', possible loss of data
c:\users\josh\downloads\oxygine-framework-with-sdl (1)\oxygine-framework\examples\demobox2d\src\random2.h(107): warning C4244: 'initializing': conversion from 'int' to 'float', possible loss of data
c:\users\josh\downloads\oxygine-framework-with-sdl (1)\oxygine-framework\examples\demobox2d\src\random2.h(116): warning C4018: '>=': signed/unsigned mismatch
c:\users\josh\downloads\oxygine-framework-with-sdl (1)\oxygine-framework\examples\demobox2d\src\random2.h(157): warning C4018: '>=': signed/unsigned mismatch
c:\users\josh\downloads\oxygine-framework-with-sdl (1)\oxygine-framework\examples\demobox2d\src\Balloon.h(21): warning C4305: 'argument': truncation from 'double' to 'float'
  Ship_L_Leg.cpp
c:\users\josh\downloads\oxygine-framework-with-sdl (1)\oxygine-framework\examples\demobox2d\src\random2.h(65): warning C4018: '>=': signed/unsigned mismatch
c:\users\josh\downloads\oxygine-framework-with-sdl (1)\oxygine-framework\examples\demobox2d\src\random2.h(102): warning C4244: '=': conversion from 'int' to 'float', possible loss of data
c:\users\josh\downloads\oxygine-framework-with-sdl (1)\oxygine-framework\examples\demobox2d\src\random2.h(103): warning C4244: '=': conversion from 'int' to 'float', possible loss of data
c:\users\josh\downloads\oxygine-framework-with-sdl (1)\oxygine-framework\examples\demobox2d\src\random2.h(107): warning C4244: 'initializing': conversion from 'int' to 'float', possible loss of data
c:\users\josh\downloads\oxygine-framework-with-sdl (1)\oxygine-framework\examples\demobox2d\src\random2.h(116): warning C4018: '>=': signed/unsigned mismatch
c:\users\josh\downloads\oxygine-framework-with-sdl (1)\oxygine-framework\examples\demobox2d\src\random2.h(157): warning C4018: '>=': signed/unsigned mismatch
c:\users\josh\downloads\oxygine-framework-with-sdl (1)\oxygine-framework\examples\demobox2d\src\Balloon.h(21): warning C4305: 'argument': truncation from 'double' to 'float'
  Ship_M.cpp
c:\users\josh\downloads\oxygine-framework-with-sdl (1)\oxygine-framework\examples\demobox2d\src\random2.h(65): warning C4018: '>=': signed/unsigned mismatch
c:\users\josh\downloads\oxygine-framework-with-sdl (1)\oxygine-framework\examples\demobox2d\src\random2.h(102): warning C4244: '=': conversion from 'int' to 'float', possible loss of data
c:\users\josh\downloads\oxygine-framework-with-sdl (1)\oxygine-framework\examples\demobox2d\src\random2.h(103): warning C4244: '=': conversion from 'int' to 'float', possible loss of data
c:\users\josh\downloads\oxygine-framework-with-sdl (1)\oxygine-framework\examples\demobox2d\src\random2.h(107): warning C4244: 'initializing': conversion from 'int' to 'float', possible loss of data
c:\users\josh\downloads\oxygine-framework-with-sdl (1)\oxygine-framework\examples\demobox2d\src\random2.h(116): warning C4018: '>=': signed/unsigned mismatch
c:\users\josh\downloads\oxygine-framework-with-sdl (1)\oxygine-framework\examples\demobox2d\src\random2.h(157): warning C4018: '>=': signed/unsigned mismatch
c:\users\josh\downloads\oxygine-framework-with-sdl (1)\oxygine-framework\examples\demobox2d\src\Balloon.h(21): warning C4305: 'argument': truncation from 'double' to 'float'
..\src\Ship_M.cpp(128): warning C4244: 'initializing': conversion from 'double' to 'float', possible loss of data
..\src\Ship_M.cpp(131): warning C4244: 'initializing': conversion from 'double' to 'float', possible loss of data
..\src\Ship_M.cpp(233): warning C4305: '-=': truncation from 'double' to 'float'
..\src\Ship_M.cpp(250): warning C4305: '-=': truncation from 'double' to 'float'
..\src\Ship_M.cpp(337): warning C4244: 'argument': conversion from 'const float32' to 'int', possible loss of data
  Ship_Part_M.cpp
c:\users\josh\downloads\oxygine-framework-with-sdl (1)\oxygine-framework\examples\demobox2d\src\random2.h(65): warning C4018: '>=': signed/unsigned mismatch
c:\users\josh\downloads\oxygine-framework-with-sdl (1)\oxygine-framework\examples\demobox2d\src\random2.h(102): warning C4244: '=': conversion from 'int' to 'float', possible loss of data
c:\users\josh\downloads\oxygine-framework-with-sdl (1)\oxygine-framework\examples\demobox2d\src\random2.h(103): warning C4244: '=': conversion from 'int' to 'float', possible loss of data
c:\users\josh\downloads\oxygine-framework-with-sdl (1)\oxygine-framework\examples\demobox2d\src\random2.h(107): warning C4244: 'initializing': conversion from 'int' to 'float', possible loss of data
c:\users\josh\downloads\oxygine-framework-with-sdl (1)\oxygine-framework\examples\demobox2d\src\random2.h(116): warning C4018: '>=': signed/unsigned mismatch
c:\users\josh\downloads\oxygine-framework-with-sdl (1)\oxygine-framework\examples\demobox2d\src\random2.h(157): warning C4018: '>=': signed/unsigned mismatch
c:\users\josh\downloads\oxygine-framework-with-sdl (1)\oxygine-framework\examples\demobox2d\src\Balloon.h(21): warning C4305: 'argument': truncation from 'double' to 'float'
  Ship_R_Leg.cpp
c:\users\josh\downloads\oxygine-framework-with-sdl (1)\oxygine-framework\examples\demobox2d\src\random2.h(65): warning C4018: '>=': signed/unsigned mismatch
c:\users\josh\downloads\oxygine-framework-with-sdl (1)\oxygine-framework\examples\demobox2d\src\random2.h(102): warning C4244: '=': conversion from 'int' to 'float', possible loss of data
c:\users\josh\downloads\oxygine-framework-with-sdl (1)\oxygine-framework\examples\demobox2d\src\random2.h(103): warning C4244: '=': conversion from 'int' to 'float', possible loss of data
c:\users\josh\downloads\oxygine-framework-with-sdl (1)\oxygine-framework\examples\demobox2d\src\random2.h(107): warning C4244: 'initializing': conversion from 'int' to 'float', possible loss of data
c:\users\josh\downloads\oxygine-framework-with-sdl (1)\oxygine-framework\examples\demobox2d\src\random2.h(116): warning C4018: '>=': signed/unsigned mismatch
c:\users\josh\downloads\oxygine-framework-with-sdl (1)\oxygine-framework\examples\demobox2d\src\random2.h(157): warning C4018: '>=': signed/unsigned mismatch
c:\users\josh\downloads\oxygine-framework-with-sdl (1)\oxygine-framework\examples\demobox2d\src\Balloon.h(21): warning C4305: 'argument': truncation from 'double' to 'float'
  Ship_Torso.cpp
c:\users\josh\downloads\oxygine-framework-with-sdl (1)\oxygine-framework\examples\demobox2d\src\random2.h(65): warning C4018: '>=': signed/unsigned mismatch
c:\users\josh\downloads\oxygine-framework-with-sdl (1)\oxygine-framework\examples\demobox2d\src\random2.h(102): warning C4244: '=': conversion from 'int' to 'float', possible loss of data
c:\users\josh\downloads\oxygine-framework-with-sdl (1)\oxygine-framework\examples\demobox2d\src\random2.h(103): warning C4244: '=': conversion from 'int' to 'float', possible loss of data
c:\users\josh\downloads\oxygine-framework-with-sdl (1)\oxygine-framework\examples\demobox2d\src\random2.h(107): warning C4244: 'initializing': conversion from 'int' to 'float', possible loss of data
c:\users\josh\downloads\oxygine-framework-with-sdl (1)\oxygine-framework\examples\demobox2d\src\random2.h(116): warning C4018: '>=': signed/unsigned mismatch
c:\users\josh\downloads\oxygine-framework-with-sdl (1)\oxygine-framework\examples\demobox2d\src\random2.h(157): warning C4018: '>=': signed/unsigned mismatch
c:\users\josh\downloads\oxygine-framework-with-sdl (1)\oxygine-framework\examples\demobox2d\src\Balloon.h(21): warning C4305: 'argument': truncation from 'double' to 'float'
  Spike.cpp
c:\users\josh\downloads\oxygine-framework-with-sdl (1)\oxygine-framework\examples\demobox2d\src\random2.h(65): warning C4018: '>=': signed/unsigned mismatch
c:\users\josh\downloads\oxygine-framework-with-sdl (1)\oxygine-framework\examples\demobox2d\src\random2.h(102): warning C4244: '=': conversion from 'int' to 'float', possible loss of data
c:\users\josh\downloads\oxygine-framework-with-sdl (1)\oxygine-framework\examples\demobox2d\src\random2.h(103): warning C4244: '=': conversion from 'int' to 'float', possible loss of data
c:\users\josh\downloads\oxygine-framework-with-sdl (1)\oxygine-framework\examples\demobox2d\src\random2.h(107): warning C4244: 'initializing': conversion from 'int' to 'float', possible loss of data
c:\users\josh\downloads\oxygine-framework-with-sdl (1)\oxygine-framework\examples\demobox2d\src\random2.h(116): warning C4018: '>=': signed/unsigned mismatch
c:\users\josh\downloads\oxygine-framework-with-sdl (1)\oxygine-framework\examples\demobox2d\src\random2.h(157): warning C4018: '>=': signed/unsigned mismatch
c:\users\josh\downloads\oxygine-framework-with-sdl (1)\oxygine-framework\examples\demobox2d\src\Balloon.h(21): warning C4305: 'argument': truncation from 'double' to 'float'
..\src\Spike.cpp(44): warning C4244: 'argument': conversion from 'int' to 'float', possible loss of data
..\src\Spike.cpp(47): warning C4244: 'argument': conversion from 'int' to 'float', possible loss of data
  Static_M2.cpp
c:\users\josh\downloads\oxygine-framework-with-sdl (1)\oxygine-framework\examples\demobox2d\src\random2.h(65): warning C4018: '>=': signed/unsigned mismatch
c:\users\josh\downloads\oxygine-framework-with-sdl (1)\oxygine-framework\examples\demobox2d\src\random2.h(102): warning C4244: '=': conversion from 'int' to 'float', possible loss of data
c:\users\josh\downloads\oxygine-framework-with-sdl (1)\oxygine-framework\examples\demobox2d\src\random2.h(103): warning C4244: '=': conversion from 'int' to 'float', possible loss of data
c:\users\josh\downloads\oxygine-framework-with-sdl (1)\oxygine-framework\examples\demobox2d\src\random2.h(107): warning C4244: 'initializing': conversion from 'int' to 'float', possible loss of data
c:\users\josh\downloads\oxygine-framework-with-sdl (1)\oxygine-framework\examples\demobox2d\src\random2.h(116): warning C4018: '>=': signed/unsigned mismatch
c:\users\josh\downloads\oxygine-framework-with-sdl (1)\oxygine-framework\examples\demobox2d\src\random2.h(157): warning C4018: '>=': signed/unsigned mismatch
c:\users\josh\downloads\oxygine-framework-with-sdl (1)\oxygine-framework\examples\demobox2d\src\Balloon.h(21): warning C4305: 'argument': truncation from 'double' to 'float'
  Compiling...
  TPIN.cpp
c:\users\josh\downloads\oxygine-framework-with-sdl (1)\oxygine-framework\examples\demobox2d\src\random2.h(65): warning C4018: '>=': signed/unsigned mismatch
c:\users\josh\downloads\oxygine-framework-with-sdl (1)\oxygine-framework\examples\demobox2d\src\random2.h(102): warning C4244: '=': conversion from 'int' to 'float', possible loss of data
c:\users\josh\downloads\oxygine-framework-with-sdl (1)\oxygine-framework\examples\demobox2d\src\random2.h(103): warning C4244: '=': conversion from 'int' to 'float', possible loss of data
c:\users\josh\downloads\oxygine-framework-with-sdl (1)\oxygine-framework\examples\demobox2d\src\random2.h(107): warning C4244: 'initializing': conversion from 'int' to 'float', possible loss of data
c:\users\josh\downloads\oxygine-framework-with-sdl (1)\oxygine-framework\examples\demobox2d\src\random2.h(116): warning C4018: '>=': signed/unsigned mismatch
c:\users\josh\downloads\oxygine-framework-with-sdl (1)\oxygine-framework\examples\demobox2d\src\random2.h(157): warning C4018: '>=': signed/unsigned mismatch
c:\users\josh\downloads\oxygine-framework-with-sdl (1)\oxygine-framework\examples\demobox2d\src\Balloon.h(21): warning C4305: 'argument': truncation from 'double' to 'float'
  Temple.cpp
c:\users\josh\downloads\oxygine-framework-with-sdl (1)\oxygine-framework\examples\demobox2d\src\random2.h(65): warning C4018: '>=': signed/unsigned mismatch
c:\users\josh\downloads\oxygine-framework-with-sdl (1)\oxygine-framework\examples\demobox2d\src\random2.h(102): warning C4244: '=': conversion from 'int' to 'float', possible loss of data
c:\users\josh\downloads\oxygine-framework-with-sdl (1)\oxygine-framework\examples\demobox2d\src\random2.h(103): warning C4244: '=': conversion from 'int' to 'float', possible loss of data
c:\users\josh\downloads\oxygine-framework-with-sdl (1)\oxygine-framework\examples\demobox2d\src\random2.h(107): warning C4244: 'initializing': conversion from 'int' to 'float', possible loss of data
c:\users\josh\downloads\oxygine-framework-with-sdl (1)\oxygine-framework\examples\demobox2d\src\random2.h(116): warning C4018: '>=': signed/unsigned mismatch
c:\users\josh\downloads\oxygine-framework-with-sdl (1)\oxygine-framework\examples\demobox2d\src\random2.h(157): warning C4018: '>=': signed/unsigned mismatch
c:\users\josh\downloads\oxygine-framework-with-sdl (1)\oxygine-framework\examples\demobox2d\src\Balloon.h(21): warning C4305: 'argument': truncation from 'double' to 'float'
c:\users\josh\downloads\oxygine-framework-with-sdl (1)\oxygine-framework\examples\demobox2d\src\ST.h(26): warning C4584: 'BW': base-class 'Filters' is already a base-class of 'K_Visible_M3'
  c:\users\josh\downloads\oxygine-framework-with-sdl (1)\oxygine-framework\examples\demobox2d\src\Filters.h(4): note: see declaration of 'Filters'
  c:\users\josh\downloads\oxygine-framework-with-sdl (1)\oxygine-framework\examples\demobox2d\src\K_Visible_M3.h(3): note: see declaration of 'K_Visible_M3'
..\src\Temple.cpp(42): warning C4244: 'argument': conversion from 'int' to 'float', possible loss of data
..\src\Temple.cpp(45): warning C4244: 'argument': conversion from 'int' to 'float', possible loss of data
..\src\Temple.cpp(48): warning C4244: 'argument': conversion from 'int' to 'float', possible loss of data
..\src\Temple.cpp(51): warning C4244: 'argument': conversion from 'int' to 'float', possible loss of data
..\src\Temple.cpp(90): warning C4244: 'argument': conversion from 'int' to 'float', possible loss of data
..\src\Temple.cpp(93): warning C4244: 'argument': conversion from 'int' to 'float', possible loss of data
..\src\Temple.cpp(96): warning C4244: 'argument': conversion from 'int' to 'float', possible loss of data
..\src\Temple.cpp(99): warning C4244: 'argument': conversion from 'int' to 'float', possible loss of data
..\src\Temple.cpp(334): warning C4244: 'argument': conversion from 'float' to 'int', possible loss of data
..\src\Temple.cpp(335): warning C4244: 'argument': conversion from 'float' to 'int', possible loss of data
..\src\Temple.cpp(336): warning C4244: 'argument': conversion from 'float' to 'int', possible loss of data
..\src\Temple.cpp(337): warning C4244: 'argument': conversion from 'float' to 'int', possible loss of data
..\src\Temple.cpp(338): warning C4244: 'argument': conversion from 'float' to 'int', possible loss of data
..\src\Temple.cpp(339): warning C4244: 'argument': conversion from 'float' to 'int', possible loss of data
..\src\Temple.cpp(340): warning C4244: 'argument': conversion from 'double' to 'float', possible loss of data
..\src\Temple.cpp(340): warning C4244: 'argument': conversion from 'float' to 'int', possible loss of data
..\src\Temple.cpp(341): warning C4244: 'argument': conversion from 'double' to 'float', possible loss of data
..\src\Temple.cpp(341): warning C4244: 'argument': conversion from 'float' to 'int', possible loss of data
..\src\Temple.cpp(342): warning C4244: 'argument': conversion from 'double' to 'float', possible loss of data
..\src\Temple.cpp(342): warning C4244: 'argument': conversion from 'float' to 'int', possible loss of data
..\src\Temple.cpp(344): warning C4244: 'argument': conversion from 'float' to 'int', possible loss of data
..\src\Temple.cpp(346): warning C4244: 'argument': conversion from 'float' to 'int', possible loss of data
..\src\Temple.cpp(358): warning C4244: 'argument': conversion from 'float' to 'int', possible loss of data
..\src\Temple.cpp(359): warning C4244: 'argument': conversion from 'float' to 'int', possible loss of data
..\src\Temple.cpp(360): warning C4244: 'argument': conversion from 'float' to 'int', possible loss of data
..\src\Temple.cpp(361): warning C4244: 'argument': conversion from 'float' to 'int', possible loss of data
..\src\Temple.cpp(362): warning C4244: 'argument': conversion from 'float' to 'int', possible loss of data
..\src\Temple.cpp(363): warning C4244: 'argument': conversion from 'float' to 'int', possible loss of data
..\src\Temple.cpp(364): warning C4244: 'argument': conversion from 'float' to 'int', possible loss of data
..\src\Temple.cpp(365): warning C4244: 'argument': conversion from 'float' to 'int', possible loss of data
..\src\Temple.cpp(374): warning C4244: 'argument': conversion from 'float' to 'int', possible loss of data
..\src\Temple.cpp(375): warning C4244: 'argument': conversion from 'float' to 'int', possible loss of data
..\src\Temple.cpp(376): warning C4244: 'argument': conversion from 'float' to 'int', possible loss of data
..\src\Temple.cpp(377): warning C4244: 'argument': conversion from 'float' to 'int', possible loss of data
..\src\Temple.cpp(378): warning C4244: 'argument': conversion from 'float' to 'int', possible loss of data
..\src\Temple.cpp(379): warning C4244: 'argument': conversion from 'float' to 'int', possible loss of data
..\src\Temple.cpp(380): warning C4244: 'argument': conversion from 'float' to 'int', possible loss of data
..\src\Temple.cpp(381): warning C4244: 'argument': conversion from 'float' to 'int', possible loss of data
..\src\Temple.cpp(382): warning C4244: 'argument': conversion from 'float' to 'int', possible loss of data
..\src\Temple.cpp(383): warning C4244: 'argument': conversion from 'float' to 'int', possible loss of data
..\src\Temple.cpp(384): warning C4244: 'argument': conversion from 'float' to 'int', possible loss of data
..\src\Temple.cpp(385): warning C4244: 'argument': conversion from 'float' to 'int', possible loss of data
..\src\Temple.cpp(386): warning C4244: 'argument': conversion from 'float' to 'int', possible loss of data
..\src\Temple.cpp(406): warning C4244: 'argument': conversion from 'float' to 'int', possible loss of data
..\src\Temple.cpp(407): warning C4244: 'argument': conversion from 'float' to 'int', possible loss of data
..\src\Temple.cpp(408): warning C4244: 'argument': conversion from 'float' to 'int', possible loss of data
..\src\Temple.cpp(409): warning C4244: 'argument': conversion from 'float' to 'int', possible loss of data
..\src\Temple.cpp(410): warning C4244: 'argument': conversion from 'float' to 'int', possible loss of data
..\src\Temple.cpp(411): warning C4244: 'argument': conversion from 'float' to 'int', possible loss of data
..\src\Temple.cpp(415): warning C4244: 'argument': conversion from 'float' to 'int', possible loss of data
..\src\Temple.cpp(417): warning C4244: 'argument': conversion from 'float' to 'int', possible loss of data
..\src\Temple.cpp(424): warning C4244: 'argument': conversion from 'float' to 'int', possible loss of data
..\src\Temple.cpp(425): warning C4244: 'argument': conversion from 'float' to 'int', possible loss of data
..\src\Temple.cpp(426): warning C4244: 'argument': conversion from 'float' to 'int', possible loss of data
..\src\Temple.cpp(427): warning C4244: 'argument': conversion from 'float' to 'int', possible loss of data
..\src\Temple.cpp(428): warning C4244: 'argument': conversion from 'float' to 'int', possible loss of data
..\src\Temple.cpp(429): warning C4244: 'argument': conversion from 'float' to 'int', possible loss of data
..\src\Temple.cpp(432): warning C4244: 'argument': conversion from 'float' to 'int', possible loss of data
..\src\Temple.cpp(434): warning C4244: 'argument': conversion from 'float' to 'int', possible loss of data
..\src\Temple.cpp(441): warning C4244: 'argument': conversion from 'float' to 'int', possible loss of data
..\src\Temple.cpp(442): warning C4244: 'argument': conversion from 'float' to 'int', possible loss of data
..\src\Temple.cpp(443): warning C4244: 'argument': conversion from 'float' to 'int', possible loss of data
..\src\Temple.cpp(444): warning C4244: 'argument': conversion from 'float' to 'int', possible loss of data
..\src\Temple.cpp(445): warning C4244: 'argument': conversion from 'float' to 'int', possible loss of data
..\src\Temple.cpp(446): warning C4244: 'argument': conversion from 'float' to 'int', possible loss of data
..\src\Temple.cpp(448): warning C4244: 'argument': conversion from 'float' to 'int', possible loss of data
..\src\Temple.cpp(449): warning C4244: 'argument': conversion from 'float' to 'int', possible loss of data
..\src\Temple.cpp(467): warning C4244: 'argument': conversion from 'float' to 'int', possible loss of data
..\src\Temple.cpp(468): warning C4244: 'argument': conversion from 'float' to 'int', possible loss of data
..\src\Temple.cpp(469): warning C4244: 'argument': conversion from 'float' to 'int', possible loss of data
..\src\Temple.cpp(470): warning C4244: 'argument': conversion from 'float' to 'int', possible loss of data
..\src\Temple.cpp(471): warning C4244: 'argument': conversion from 'float' to 'int', possible loss of data
..\src\Temple.cpp(472): warning C4244: 'argument': conversion from 'float' to 'int', possible loss of data
..\src\Temple.cpp(475): warning C4244: 'argument': conversion from 'float' to 'int', possible loss of data
..\src\Temple.cpp(476): warning C4244: 'argument': conversion from 'float' to 'int', possible loss of data
..\src\Temple.cpp(484): warning C4244: 'argument': conversion from 'float' to 'int', possible loss of data
..\src\Temple.cpp(485): warning C4244: 'argument': conversion from 'float' to 'int', possible loss of data
..\src\Temple.cpp(486): warning C4244: 'argument': conversion from 'float' to 'int', possible loss of data
..\src\Temple.cpp(487): warning C4244: 'argument': conversion from 'float' to 'int', possible loss of data
..\src\Temple.cpp(488): warning C4244: 'argument': conversion from 'float' to 'int', possible loss of data
..\src\Temple.cpp(489): warning C4244: 'argument': conversion from 'float' to 'int', possible loss of data
..\src\Temple.cpp(490): warning C4244: 'argument': conversion from 'float' to 'int', possible loss of data
..\src\Temple.cpp(501): warning C4244: 'argument': conversion from 'float' to 'int', possible loss of data
..\src\Temple.cpp(502): warning C4244: 'argument': conversion from 'float' to 'int', possible loss of data
..\src\Temple.cpp(503): warning C4244: 'argument': conversion from 'float' to 'int', possible loss of data
..\src\Temple.cpp(504): warning C4244: 'argument': conversion from 'float' to 'int', possible loss of data
..\src\Temple.cpp(505): warning C4244: 'argument': conversion from 'float' to 'int', possible loss of data
..\src\Temple.cpp(506): warning C4244: 'argument': conversion from 'float' to 'int', possible loss of data
..\src\Temple.cpp(511): warning C4244: 'argument': conversion from 'float' to 'int', possible loss of data
..\src\Temple.cpp(513): warning C4244: 'argument': conversion from 'float' to 'int', possible loss of data
..\src\Temple.cpp(529): warning C4244: 'argument': conversion from 'float' to 'int', possible loss of data
..\src\Temple.cpp(530): warning C4244: 'argument': conversion from 'float' to 'int', possible loss of data
..\src\Temple.cpp(531): warning C4244: 'argument': conversion from 'float' to 'int', possible loss of data
..\src\Temple.cpp(532): warning C4244: 'argument': conversion from 'float' to 'int', possible loss of data
..\src\Temple.cpp(533): warning C4244: 'argument': conversion from 'float' to 'int', possible loss of data
..\src\Temple.cpp(534): warning C4244: 'argument': conversion from 'float' to 'int', possible loss of data
..\src\Temple.cpp(538): warning C4244: 'argument': conversion from 'float' to 'int', possible loss of data
..\src\Temple.cpp(540): warning C4244: 'argument': conversion from 'float' to 'int', possible loss of data
..\src\Temple.cpp(556): warning C4244: 'argument': conversion from 'float' to 'int', possible loss of data
..\src\Temple.cpp(557): warning C4244: 'argument': conversion from 'float' to 'int', possible loss of data
..\src\Temple.cpp(558): warning C4244: 'argument': conversion from 'float' to 'int', possible loss of data
..\src\Temple.cpp(559): warning C4244: 'argument': conversion from 'float' to 'int', possible loss of data
..\src\Temple.cpp(560): warning C4244: 'argument': conversion from 'float' to 'int', possible loss of data
..\src\Temple.cpp(561): warning C4244: 'argument': conversion from 'float' to 'int', possible loss of data
..\src\Temple.cpp(562): warning C4244: 'argument': conversion from 'float' to 'int', possible loss of data
..\src\Temple.cpp(563): warning C4244: 'argument': conversion from 'float' to 'int', possible loss of data
..\src\Temple.cpp(565): warning C4244: 'argument': conversion from 'float' to 'int', possible loss of data
..\src\Temple.cpp(579): warning C4244: 'argument': conversion from 'float' to 'int', possible loss of data
..\src\Temple.cpp(580): warning C4244: 'argument': conversion from 'float' to 'int', possible loss of data
..\src\Temple.cpp(581): warning C4244: 'argument': conversion from 'float' to 'int', possible loss of data
..\src\Temple.cpp(582): warning C4244: 'argument': conversion from 'float' to 'int', possible loss of data
..\src\Temple.cpp(583): warning C4244: 'argument': conversion from 'float' to 'int', possible loss of data
..\src\Temple.cpp(584): warning C4244: 'argument': conversion from 'float' to 'int', possible loss of data
..\src\Temple.cpp(585): warning C4244: 'argument': conversion from 'float' to 'int', possible loss of data
..\src\Temple.cpp(586): warning C4244: 'argument': conversion from 'float' to 'int', possible loss of data
..\src\Temple.cpp(587): warning C4244: 'argument': conversion from 'float' to 'int', possible loss of data
..\src\Temple.cpp(589): warning C4244: 'argument': conversion from 'float' to 'int', possible loss of data
..\src\Temple.cpp(590): warning C4244: 'argument': conversion from 'float' to 'int', possible loss of data
..\src\Temple.cpp(604): warning C4244: 'argument': conversion from 'float' to 'int', possible loss of data
..\src\Temple.cpp(605): warning C4244: 'argument': conversion from 'float' to 'int', possible loss of data
..\src\Temple.cpp(606): warning C4244: 'argument': conversion from 'float' to 'int', possible loss of data
..\src\Temple.cpp(607): warning C4244: 'argument': conversion from 'float' to 'int', possible loss of data
..\src\Temple.cpp(608): warning C4244: 'argument': conversion from 'float' to 'int', possible loss of data
..\src\Temple.cpp(609): warning C4244: 'argument': conversion from 'float' to 'int', possible loss of data
..\src\Temple.cpp(610): warning C4244: 'argument': conversion from 'double' to 'float', possible loss of data
..\src\Temple.cpp(610): warning C4244: 'argument': conversion from 'float' to 'int', possible loss of data
..\src\Temple.cpp(611): warning C4244: 'argument': conversion from 'double' to 'float', possible loss of data
..\src\Temple.cpp(611): warning C4244: 'argument': conversion from 'float' to 'int', possible loss of data
..\src\Temple.cpp(612): warning C4244: 'argument': conversion from 'double' to 'float', possible loss of data
..\src\Temple.cpp(612): warning C4244: 'argument': conversion from 'float' to 'int', possible loss of data
..\src\Temple.cpp(617): warning C4244: 'argument': conversion from 'double' to 'float', possible loss of data
..\src\Temple.cpp(618): warning C4244: 'argument': conversion from 'double' to 'float', possible loss of data
..\src\Temple.cpp(630): warning C4244: 'argument': conversion from 'float' to 'int', possible loss of data
..\src\Temple.cpp(631): warning C4244: 'argument': conversion from 'float' to 'int', possible loss of data
..\src\Temple.cpp(632): warning C4244: 'argument': conversion from 'float' to 'int', possible loss of data
..\src\Temple.cpp(633): warning C4244: 'argument': conversion from 'float' to 'int', possible loss of data
..\src\Temple.cpp(634): warning C4244: 'argument': conversion from 'float' to 'int', possible loss of data
..\src\Temple.cpp(635): warning C4244: 'argument': conversion from 'float' to 'int', possible loss of data
..\src\Temple.cpp(636): warning C4244: 'argument': conversion from 'float' to 'int', possible loss of data
..\src\Temple.cpp(637): warning C4244: 'argument': conversion from 'float' to 'int', possible loss of data
..\src\Temple.cpp(639): warning C4244: 'argument': conversion from 'float' to 'int', possible loss of data
..\src\Temple.cpp(641): warning C4244: 'argument': conversion from 'float' to 'int', possible loss of data
..\src\Temple.cpp(654): warning C4244: 'argument': conversion from 'float' to 'int', possible loss of data
..\src\Temple.cpp(655): warning C4244: 'argument': conversion from 'float' to 'int', possible loss of data
..\src\Temple.cpp(656): warning C4244: 'argument': conversion from 'float' to 'int', possible loss of data
..\src\Temple.cpp(657): warning C4244: 'argument': conversion from 'float' to 'int', possible loss of data
..\src\Temple.cpp(658): warning C4244: 'argument': conversion from 'float' to 'int', possible loss of data
..\src\Temple.cpp(659): warning C4244: 'argument': conversion from 'float' to 'int', possible loss of data
..\src\Temple.cpp(662): warning C4244: 'argument': conversion from 'float' to 'int', possible loss of data
..\src\Temple.cpp(664): warning C4244: 'argument': conversion from 'float' to 'int', possible loss of data
..\src\Temple.cpp(666): warning C4244: 'argument': conversion from 'float' to 'int', possible loss of data
..\src\Temple.cpp(667): warning C4244: 'argument': conversion from 'float' to 'int', possible loss of data
  Tile_M.cpp
c:\users\josh\downloads\oxygine-framework-with-sdl (1)\oxygine-framework\examples\demobox2d\src\random2.h(65): warning C4018: '>=': signed/unsigned mismatch
c:\users\josh\downloads\oxygine-framework-with-sdl (1)\oxygine-framework\examples\demobox2d\src\random2.h(102): warning C4244: '=': conversion from 'int' to 'float', possible loss of data
c:\users\josh\downloads\oxygine-framework-with-sdl (1)\oxygine-framework\examples\demobox2d\src\random2.h(103): warning C4244: '=': conversion from 'int' to 'float', possible loss of data
c:\users\josh\downloads\oxygine-framework-with-sdl (1)\oxygine-framework\examples\demobox2d\src\random2.h(107): warning C4244: 'initializing': conversion from 'int' to 'float', possible loss of data
c:\users\josh\downloads\oxygine-framework-with-sdl (1)\oxygine-framework\examples\demobox2d\src\random2.h(116): warning C4018: '>=': signed/unsigned mismatch
c:\users\josh\downloads\oxygine-framework-with-sdl (1)\oxygine-framework\examples\demobox2d\src\random2.h(157): warning C4018: '>=': signed/unsigned mismatch
c:\users\josh\downloads\oxygine-framework-with-sdl (1)\oxygine-framework\examples\demobox2d\src\Balloon.h(21): warning C4305: 'argument': truncation from 'double' to 'float'
  W_Line.cpp
c:\users\josh\downloads\oxygine-framework-with-sdl (1)\oxygine-framework\examples\demobox2d\src\random2.h(65): warning C4018: '>=': signed/unsigned mismatch
c:\users\josh\downloads\oxygine-framework-with-sdl (1)\oxygine-framework\examples\demobox2d\src\random2.h(102): warning C4244: '=': conversion from 'int' to 'float', possible loss of data
c:\users\josh\downloads\oxygine-framework-with-sdl (1)\oxygine-framework\examples\demobox2d\src\random2.h(103): warning C4244: '=': conversion from 'int' to 'float', possible loss of data
c:\users\josh\downloads\oxygine-framework-with-sdl (1)\oxygine-framework\examples\demobox2d\src\random2.h(107): warning C4244: 'initializing': conversion from 'int' to 'float', possible loss of data
c:\users\josh\downloads\oxygine-framework-with-sdl (1)\oxygine-framework\examples\demobox2d\src\random2.h(116): warning C4018: '>=': signed/unsigned mismatch
c:\users\josh\downloads\oxygine-framework-with-sdl (1)\oxygine-framework\examples\demobox2d\src\random2.h(157): warning C4018: '>=': signed/unsigned mismatch
c:\users\josh\downloads\oxygine-framework-with-sdl (1)\oxygine-framework\examples\demobox2d\src\Balloon.h(21): warning C4305: 'argument': truncation from 'double' to 'float'
..\src\W_Line.cpp(10): warning C4244: 'initializing': conversion from 'float' to 'int', possible loss of data
..\src\W_Line.cpp(11): warning C4018: '<': signed/unsigned mismatch
  Wall.cpp
c:\users\josh\downloads\oxygine-framework-with-sdl (1)\oxygine-framework\examples\demobox2d\src\random2.h(65): warning C4018: '>=': signed/unsigned mismatch
c:\users\josh\downloads\oxygine-framework-with-sdl (1)\oxygine-framework\examples\demobox2d\src\random2.h(102): warning C4244: '=': conversion from 'int' to 'float', possible loss of data
c:\users\josh\downloads\oxygine-framework-with-sdl (1)\oxygine-framework\examples\demobox2d\src\random2.h(103): warning C4244: '=': conversion from 'int' to 'float', possible loss of data
c:\users\josh\downloads\oxygine-framework-with-sdl (1)\oxygine-framework\examples\demobox2d\src\random2.h(107): warning C4244: 'initializing': conversion from 'int' to 'float', possible loss of data
c:\users\josh\downloads\oxygine-framework-with-sdl (1)\oxygine-framework\examples\demobox2d\src\random2.h(116): warning C4018: '>=': signed/unsigned mismatch
c:\users\josh\downloads\oxygine-framework-with-sdl (1)\oxygine-framework\examples\demobox2d\src\random2.h(157): warning C4018: '>=': signed/unsigned mismatch
c:\users\josh\downloads\oxygine-framework-with-sdl (1)\oxygine-framework\examples\demobox2d\src\Balloon.h(21): warning C4305: 'argument': truncation from 'double' to 'float'
  World.cpp
c:\users\josh\downloads\oxygine-framework-with-sdl (1)\oxygine-framework\examples\demobox2d\src\random2.h(65): warning C4018: '>=': signed/unsigned mismatch
c:\users\josh\downloads\oxygine-framework-with-sdl (1)\oxygine-framework\examples\demobox2d\src\random2.h(102): warning C4244: '=': conversion from 'int' to 'float', possible loss of data
c:\users\josh\downloads\oxygine-framework-with-sdl (1)\oxygine-framework\examples\demobox2d\src\random2.h(103): warning C4244: '=': conversion from 'int' to 'float', possible loss of data
c:\users\josh\downloads\oxygine-framework-with-sdl (1)\oxygine-framework\examples\demobox2d\src\random2.h(107): warning C4244: 'initializing': conversion from 'int' to 'float', possible loss of data
c:\users\josh\downloads\oxygine-framework-with-sdl (1)\oxygine-framework\examples\demobox2d\src\random2.h(116): warning C4018: '>=': signed/unsigned mismatch
c:\users\josh\downloads\oxygine-framework-with-sdl (1)\oxygine-framework\examples\demobox2d\src\random2.h(157): warning C4018: '>=': signed/unsigned mismatch
c:\users\josh\downloads\oxygine-framework-with-sdl (1)\oxygine-framework\examples\demobox2d\src\Balloon.h(21): warning C4305: 'argument': truncation from 'double' to 'float'
c:\users\josh\downloads\oxygine-framework-with-sdl (1)\oxygine-framework\examples\demobox2d\src\ST.h(26): warning C4584: 'BW': base-class 'Filters' is already a base-class of 'K_Visible_M3'
  c:\users\josh\downloads\oxygine-framework-with-sdl (1)\oxygine-framework\examples\demobox2d\src\Filters.h(4): note: see declaration of 'Filters'
  c:\users\josh\downloads\oxygine-framework-with-sdl (1)\oxygine-framework\examples\demobox2d\src\K_Visible_M3.h(3): note: see declaration of 'K_Visible_M3'
LINK : warning LNK4098: defaultlib 'LIBCMT' conflicts with use of other libs; use /NODEFAULTLIB:library
  Generating code
  2 of 6011 functions ( 0.0%) were compiled, the rest were copied from previous compilation.
    0 functions were new in current compilation
    1 functions had inline decision re-evaluated but remain unchanged
  Finished generating code
  DemoBox2D.vcxproj -> C:\Users\Josh\Downloads\oxygine-framework-with-sdl (1)\oxygine-framework\examples\DemoBox2D\proj.win32\Release_v140_xp\DemoBox2D.exe
  DemoBox2D.vcxproj -> C:\Users\Josh\Downloads\oxygine-framework-with-sdl (1)\oxygine-framework\examples\DemoBox2D\proj.win32\Release_v140_xp\DemoBox2D.pdb (Full PDB)
