c:\users\josh\downloads\oxygine-framework-with-sdl (1)\oxygine-framework\examples\demobox2d\proj.win32\debug_v140_xp\vc140.pdb
c:\users\josh\downloads\oxygine-framework-with-sdl (1)\oxygine-framework\examples\demobox2d\proj.win32\debug_v140_xp\vc140.idb
c:\users\josh\downloads\oxygine-framework-with-sdl (1)\oxygine-framework\examples\demobox2d\proj.win32\debug_v140_xp\ship_part_m.obj
c:\users\josh\downloads\oxygine-framework-with-sdl (1)\oxygine-framework\examples\demobox2d\proj.win32\debug_v140_xp\ship_r_leg.obj
c:\users\josh\downloads\oxygine-framework-with-sdl (1)\oxygine-framework\examples\demobox2d\proj.win32\debug_v140_xp\ship_torso.obj
c:\users\josh\downloads\oxygine-framework-with-sdl (1)\oxygine-framework\examples\demobox2d\proj.win32\debug_v140_xp\spaceship.obj
c:\users\josh\downloads\oxygine-framework-with-sdl (1)\oxygine-framework\examples\demobox2d\proj.win32\debug_v140_xp\spike.obj
c:\users\josh\downloads\oxygine-framework-with-sdl (1)\oxygine-framework\examples\demobox2d\proj.win32\debug_v140_xp\st.obj
c:\users\josh\downloads\oxygine-framework-with-sdl (1)\oxygine-framework\examples\demobox2d\proj.win32\debug_v140_xp\static_m2.obj
c:\users\josh\downloads\oxygine-framework-with-sdl (1)\oxygine-framework\examples\demobox2d\proj.win32\debug_v140_xp\sticker.obj
c:\users\josh\downloads\oxygine-framework-with-sdl (1)\oxygine-framework\examples\demobox2d\proj.win32\debug_v140_xp\s_invisible_m3.obj
c:\users\josh\downloads\oxygine-framework-with-sdl (1)\oxygine-framework\examples\demobox2d\proj.win32\debug_v140_xp\s_visible_m3.obj
c:\users\josh\downloads\oxygine-framework-with-sdl (1)\oxygine-framework\examples\demobox2d\proj.win32\debug_v140_xp\temple.obj
c:\users\josh\downloads\oxygine-framework-with-sdl (1)\oxygine-framework\examples\demobox2d\proj.win32\debug_v140_xp\text.obj
c:\users\josh\downloads\oxygine-framework-with-sdl (1)\oxygine-framework\examples\demobox2d\proj.win32\debug_v140_xp\tile_m.obj
c:\users\josh\downloads\oxygine-framework-with-sdl (1)\oxygine-framework\examples\demobox2d\proj.win32\debug_v140_xp\tpin.obj
c:\users\josh\downloads\oxygine-framework-with-sdl (1)\oxygine-framework\examples\demobox2d\proj.win32\debug_v140_xp\tpi_line.obj
c:\users\josh\downloads\oxygine-framework-with-sdl (1)\oxygine-framework\examples\demobox2d\proj.win32\debug_v140_xp\volcano.obj
c:\users\josh\downloads\oxygine-framework-with-sdl (1)\oxygine-framework\examples\demobox2d\proj.win32\debug_v140_xp\wall.obj
c:\users\josh\downloads\oxygine-framework-with-sdl (1)\oxygine-framework\examples\demobox2d\proj.win32\debug_v140_xp\wind.obj
c:\users\josh\downloads\oxygine-framework-with-sdl (1)\oxygine-framework\examples\demobox2d\proj.win32\debug_v140_xp\world.obj
c:\users\josh\downloads\oxygine-framework-with-sdl (1)\oxygine-framework\examples\demobox2d\proj.win32\debug_v140_xp\w_line.obj
c:\users\josh\downloads\oxygine-framework-with-sdl (1)\oxygine-framework\examples\demobox2d\proj.win32\debug_v140_xp\imageres.obj
c:\users\josh\downloads\oxygine-framework-with-sdl (1)\oxygine-framework\examples\demobox2d\proj.win32\debug_v140_xp\i_control.obj
c:\users\josh\downloads\oxygine-framework-with-sdl (1)\oxygine-framework\examples\demobox2d\proj.win32\debug_v140_xp\kinematic_m2.obj
c:\users\josh\downloads\oxygine-framework-with-sdl (1)\oxygine-framework\examples\demobox2d\proj.win32\debug_v140_xp\k_invisible_m3.obj
c:\users\josh\downloads\oxygine-framework-with-sdl (1)\oxygine-framework\examples\demobox2d\proj.win32\debug_v140_xp\k_visible_m3.obj
c:\users\josh\downloads\oxygine-framework-with-sdl (1)\oxygine-framework\examples\demobox2d\proj.win32\debug_v140_xp\main.obj
c:\users\josh\downloads\oxygine-framework-with-sdl (1)\oxygine-framework\examples\demobox2d\proj.win32\debug_v140_xp\noise.obj
c:\users\josh\downloads\oxygine-framework-with-sdl (1)\oxygine-framework\examples\demobox2d\proj.win32\debug_v140_xp\particle.obj
c:\users\josh\downloads\oxygine-framework-with-sdl (1)\oxygine-framework\examples\demobox2d\proj.win32\debug_v140_xp\particle_system.obj
c:\users\josh\downloads\oxygine-framework-with-sdl (1)\oxygine-framework\examples\demobox2d\proj.win32\debug_v140_xp\planet.obj
c:\users\josh\downloads\oxygine-framework-with-sdl (1)\oxygine-framework\examples\demobox2d\proj.win32\debug_v140_xp\platform.obj
c:\users\josh\downloads\oxygine-framework-with-sdl (1)\oxygine-framework\examples\demobox2d\proj.win32\debug_v140_xp\playbutton.obj
c:\users\josh\downloads\oxygine-framework-with-sdl (1)\oxygine-framework\examples\demobox2d\proj.win32\debug_v140_xp\prime.obj
c:\users\josh\downloads\oxygine-framework-with-sdl (1)\oxygine-framework\examples\demobox2d\proj.win32\debug_v140_xp\p_button.obj
c:\users\josh\downloads\oxygine-framework-with-sdl (1)\oxygine-framework\examples\demobox2d\proj.win32\debug_v140_xp\p_system.obj
c:\users\josh\downloads\oxygine-framework-with-sdl (1)\oxygine-framework\examples\demobox2d\proj.win32\debug_v140_xp\rain.obj
c:\users\josh\downloads\oxygine-framework-with-sdl (1)\oxygine-framework\examples\demobox2d\proj.win32\debug_v140_xp\random2.obj
c:\users\josh\downloads\oxygine-framework-with-sdl (1)\oxygine-framework\examples\demobox2d\proj.win32\debug_v140_xp\ship_engine.obj
c:\users\josh\downloads\oxygine-framework-with-sdl (1)\oxygine-framework\examples\demobox2d\proj.win32\debug_v140_xp\ship_l_leg.obj
c:\users\josh\downloads\oxygine-framework-with-sdl (1)\oxygine-framework\examples\demobox2d\proj.win32\debug_v140_xp\ship_m.obj
c:\users\josh\downloads\oxygine-framework-with-sdl (1)\oxygine-framework\examples\demobox2d\proj.win32\debug_v140_xp\c_button.obj
c:\users\josh\downloads\oxygine-framework-with-sdl (1)\oxygine-framework\examples\demobox2d\proj.win32\debug_v140_xp\c_milk.obj
c:\users\josh\downloads\oxygine-framework-with-sdl (1)\oxygine-framework\examples\demobox2d\proj.win32\debug_v140_xp\debug.obj
c:\users\josh\downloads\oxygine-framework-with-sdl (1)\oxygine-framework\examples\demobox2d\proj.win32\debug_v140_xp\dynamic_m2.obj
c:\users\josh\downloads\oxygine-framework-with-sdl (1)\oxygine-framework\examples\demobox2d\proj.win32\debug_v140_xp\d_invisible_m3.obj
c:\users\josh\downloads\oxygine-framework-with-sdl (1)\oxygine-framework\examples\demobox2d\proj.win32\debug_v140_xp\d_islands.obj
c:\users\josh\downloads\oxygine-framework-with-sdl (1)\oxygine-framework\examples\demobox2d\proj.win32\debug_v140_xp\d_line.obj
c:\users\josh\downloads\oxygine-framework-with-sdl (1)\oxygine-framework\examples\demobox2d\proj.win32\debug_v140_xp\d_visible_m3.obj
c:\users\josh\downloads\oxygine-framework-with-sdl (1)\oxygine-framework\examples\demobox2d\proj.win32\debug_v140_xp\engine_m.obj
c:\users\josh\downloads\oxygine-framework-with-sdl (1)\oxygine-framework\examples\demobox2d\proj.win32\debug_v140_xp\entity.obj
c:\users\josh\downloads\oxygine-framework-with-sdl (1)\oxygine-framework\examples\demobox2d\proj.win32\debug_v140_xp\fade_color.obj
c:\users\josh\downloads\oxygine-framework-with-sdl (1)\oxygine-framework\examples\demobox2d\proj.win32\debug_v140_xp\filters.obj
c:\users\josh\downloads\oxygine-framework-with-sdl (1)\oxygine-framework\examples\demobox2d\proj.win32\debug_v140_xp\final_bird.obj
c:\users\josh\downloads\oxygine-framework-with-sdl (1)\oxygine-framework\examples\demobox2d\proj.win32\debug_v140_xp\forcefield.obj
c:\users\josh\downloads\oxygine-framework-with-sdl (1)\oxygine-framework\examples\demobox2d\proj.win32\debug_v140_xp\fuel_gauge.obj
c:\users\josh\downloads\oxygine-framework-with-sdl (1)\oxygine-framework\examples\demobox2d\proj.win32\debug_v140_xp\gf.obj
c:\users\josh\downloads\oxygine-framework-with-sdl (1)\oxygine-framework\examples\demobox2d\proj.win32\debug_v140_xp\ground.obj
c:\users\josh\downloads\oxygine-framework-with-sdl (1)\oxygine-framework\examples\demobox2d\proj.win32\debug_v140_xp\gui.obj
c:\users\josh\downloads\oxygine-framework-with-sdl (1)\oxygine-framework\examples\demobox2d\proj.win32\debug_v140_xp\gui_decor_m.obj
c:\users\josh\downloads\oxygine-framework-with-sdl (1)\oxygine-framework\examples\demobox2d\proj.win32\debug_v140_xp\hot_balloon.obj
c:\users\josh\downloads\oxygine-framework-with-sdl (1)\oxygine-framework\examples\demobox2d\proj.win32\debug_v140_xp\b2pulleyjoint.obj
c:\users\josh\downloads\oxygine-framework-with-sdl (1)\oxygine-framework\examples\demobox2d\proj.win32\debug_v140_xp\b2revolutejoint.obj
c:\users\josh\downloads\oxygine-framework-with-sdl (1)\oxygine-framework\examples\demobox2d\proj.win32\debug_v140_xp\b2ropejoint.obj
c:\users\josh\downloads\oxygine-framework-with-sdl (1)\oxygine-framework\examples\demobox2d\proj.win32\debug_v140_xp\b2weldjoint.obj
c:\users\josh\downloads\oxygine-framework-with-sdl (1)\oxygine-framework\examples\demobox2d\proj.win32\debug_v140_xp\b2wheeljoint.obj
c:\users\josh\downloads\oxygine-framework-with-sdl (1)\oxygine-framework\examples\demobox2d\proj.win32\debug_v140_xp\b2rope.obj
c:\users\josh\downloads\oxygine-framework-with-sdl (1)\oxygine-framework\examples\demobox2d\proj.win32\debug_v140_xp\background.obj
c:\users\josh\downloads\oxygine-framework-with-sdl (1)\oxygine-framework\examples\demobox2d\proj.win32\debug_v140_xp\balloon.obj
c:\users\josh\downloads\oxygine-framework-with-sdl (1)\oxygine-framework\examples\demobox2d\proj.win32\debug_v140_xp\bird_nest.obj
c:\users\josh\downloads\oxygine-framework-with-sdl (1)\oxygine-framework\examples\demobox2d\proj.win32\debug_v140_xp\black_hole.obj
c:\users\josh\downloads\oxygine-framework-with-sdl (1)\oxygine-framework\examples\demobox2d\proj.win32\debug_v140_xp\box2ddebugdraw.obj
c:\users\josh\downloads\oxygine-framework-with-sdl (1)\oxygine-framework\examples\demobox2d\proj.win32\debug_v140_xp\bubble.obj
c:\users\josh\downloads\oxygine-framework-with-sdl (1)\oxygine-framework\examples\demobox2d\proj.win32\debug_v140_xp\bunny.obj
c:\users\josh\downloads\oxygine-framework-with-sdl (1)\oxygine-framework\examples\demobox2d\proj.win32\debug_v140_xp\button_mother.obj
c:\users\josh\downloads\oxygine-framework-with-sdl (1)\oxygine-framework\examples\demobox2d\proj.win32\debug_v140_xp\b_flower.obj
c:\users\josh\downloads\oxygine-framework-with-sdl (1)\oxygine-framework\examples\demobox2d\proj.win32\debug_v140_xp\camera.obj
c:\users\josh\downloads\oxygine-framework-with-sdl (1)\oxygine-framework\examples\demobox2d\proj.win32\debug_v140_xp\chainsaw.obj
c:\users\josh\downloads\oxygine-framework-with-sdl (1)\oxygine-framework\examples\demobox2d\proj.win32\debug_v140_xp\character.obj
c:\users\josh\downloads\oxygine-framework-with-sdl (1)\oxygine-framework\examples\demobox2d\proj.win32\debug_v140_xp\col.obj
c:\users\josh\downloads\oxygine-framework-with-sdl (1)\oxygine-framework\examples\demobox2d\proj.win32\debug_v140_xp\contact_listener.obj
c:\users\josh\downloads\oxygine-framework-with-sdl (1)\oxygine-framework\examples\demobox2d\proj.win32\debug_v140_xp\b2fixture.obj
c:\users\josh\downloads\oxygine-framework-with-sdl (1)\oxygine-framework\examples\demobox2d\proj.win32\debug_v140_xp\b2island.obj
c:\users\josh\downloads\oxygine-framework-with-sdl (1)\oxygine-framework\examples\demobox2d\proj.win32\debug_v140_xp\b2world.obj
c:\users\josh\downloads\oxygine-framework-with-sdl (1)\oxygine-framework\examples\demobox2d\proj.win32\debug_v140_xp\b2worldcallbacks.obj
c:\users\josh\downloads\oxygine-framework-with-sdl (1)\oxygine-framework\examples\demobox2d\proj.win32\debug_v140_xp\b2chainandcirclecontact.obj
c:\users\josh\downloads\oxygine-framework-with-sdl (1)\oxygine-framework\examples\demobox2d\proj.win32\debug_v140_xp\b2chainandpolygoncontact.obj
c:\users\josh\downloads\oxygine-framework-with-sdl (1)\oxygine-framework\examples\demobox2d\proj.win32\debug_v140_xp\b2circlecontact.obj
c:\users\josh\downloads\oxygine-framework-with-sdl (1)\oxygine-framework\examples\demobox2d\proj.win32\debug_v140_xp\b2contact.obj
c:\users\josh\downloads\oxygine-framework-with-sdl (1)\oxygine-framework\examples\demobox2d\proj.win32\debug_v140_xp\b2contactsolver.obj
c:\users\josh\downloads\oxygine-framework-with-sdl (1)\oxygine-framework\examples\demobox2d\proj.win32\debug_v140_xp\b2edgeandcirclecontact.obj
c:\users\josh\downloads\oxygine-framework-with-sdl (1)\oxygine-framework\examples\demobox2d\proj.win32\debug_v140_xp\b2edgeandpolygoncontact.obj
c:\users\josh\downloads\oxygine-framework-with-sdl (1)\oxygine-framework\examples\demobox2d\proj.win32\debug_v140_xp\b2polygonandcirclecontact.obj
c:\users\josh\downloads\oxygine-framework-with-sdl (1)\oxygine-framework\examples\demobox2d\proj.win32\debug_v140_xp\b2polygoncontact.obj
c:\users\josh\downloads\oxygine-framework-with-sdl (1)\oxygine-framework\examples\demobox2d\proj.win32\debug_v140_xp\b2distancejoint.obj
c:\users\josh\downloads\oxygine-framework-with-sdl (1)\oxygine-framework\examples\demobox2d\proj.win32\debug_v140_xp\b2frictionjoint.obj
c:\users\josh\downloads\oxygine-framework-with-sdl (1)\oxygine-framework\examples\demobox2d\proj.win32\debug_v140_xp\b2gearjoint.obj
c:\users\josh\downloads\oxygine-framework-with-sdl (1)\oxygine-framework\examples\demobox2d\proj.win32\debug_v140_xp\b2joint.obj
c:\users\josh\downloads\oxygine-framework-with-sdl (1)\oxygine-framework\examples\demobox2d\proj.win32\debug_v140_xp\b2motorjoint.obj
c:\users\josh\downloads\oxygine-framework-with-sdl (1)\oxygine-framework\examples\demobox2d\proj.win32\debug_v140_xp\b2mousejoint.obj
c:\users\josh\downloads\oxygine-framework-with-sdl (1)\oxygine-framework\examples\demobox2d\proj.win32\debug_v140_xp\b2prismaticjoint.obj
c:\users\josh\downloads\oxygine-framework-with-sdl (1)\oxygine-framework\examples\demobox2d\proj.win32\debug_v140_xp\b2broadphase.obj
c:\users\josh\downloads\oxygine-framework-with-sdl (1)\oxygine-framework\examples\demobox2d\proj.win32\debug_v140_xp\b2collidecircle.obj
c:\users\josh\downloads\oxygine-framework-with-sdl (1)\oxygine-framework\examples\demobox2d\proj.win32\debug_v140_xp\b2collideedge.obj
c:\users\josh\downloads\oxygine-framework-with-sdl (1)\oxygine-framework\examples\demobox2d\proj.win32\debug_v140_xp\b2collidepolygon.obj
c:\users\josh\downloads\oxygine-framework-with-sdl (1)\oxygine-framework\examples\demobox2d\proj.win32\debug_v140_xp\b2collision.obj
c:\users\josh\downloads\oxygine-framework-with-sdl (1)\oxygine-framework\examples\demobox2d\proj.win32\debug_v140_xp\b2distance.obj
c:\users\josh\downloads\oxygine-framework-with-sdl (1)\oxygine-framework\examples\demobox2d\proj.win32\debug_v140_xp\b2dynamictree.obj
c:\users\josh\downloads\oxygine-framework-with-sdl (1)\oxygine-framework\examples\demobox2d\proj.win32\debug_v140_xp\b2timeofimpact.obj
c:\users\josh\downloads\oxygine-framework-with-sdl (1)\oxygine-framework\examples\demobox2d\proj.win32\debug_v140_xp\b2chainshape.obj
c:\users\josh\downloads\oxygine-framework-with-sdl (1)\oxygine-framework\examples\demobox2d\proj.win32\debug_v140_xp\b2circleshape.obj
c:\users\josh\downloads\oxygine-framework-with-sdl (1)\oxygine-framework\examples\demobox2d\proj.win32\debug_v140_xp\b2edgeshape.obj
c:\users\josh\downloads\oxygine-framework-with-sdl (1)\oxygine-framework\examples\demobox2d\proj.win32\debug_v140_xp\b2polygonshape.obj
c:\users\josh\downloads\oxygine-framework-with-sdl (1)\oxygine-framework\examples\demobox2d\proj.win32\debug_v140_xp\b2blockallocator.obj
c:\users\josh\downloads\oxygine-framework-with-sdl (1)\oxygine-framework\examples\demobox2d\proj.win32\debug_v140_xp\b2draw.obj
c:\users\josh\downloads\oxygine-framework-with-sdl (1)\oxygine-framework\examples\demobox2d\proj.win32\debug_v140_xp\b2math.obj
c:\users\josh\downloads\oxygine-framework-with-sdl (1)\oxygine-framework\examples\demobox2d\proj.win32\debug_v140_xp\b2settings.obj
c:\users\josh\downloads\oxygine-framework-with-sdl (1)\oxygine-framework\examples\demobox2d\proj.win32\debug_v140_xp\b2stackallocator.obj
c:\users\josh\downloads\oxygine-framework-with-sdl (1)\oxygine-framework\examples\demobox2d\proj.win32\debug_v140_xp\b2timer.obj
c:\users\josh\downloads\oxygine-framework-with-sdl (1)\oxygine-framework\examples\demobox2d\proj.win32\debug_v140_xp\b2body.obj
c:\users\josh\downloads\oxygine-framework-with-sdl (1)\oxygine-framework\examples\demobox2d\proj.win32\debug_v140_xp\b2contactmanager.obj
c:\users\josh\downloads\oxygine-framework-with-sdl (1)\oxygine-framework\examples\demobox2d\proj.win32\debug_v140_xp\demobox2d.exe
c:\users\josh\downloads\oxygine-framework-with-sdl (1)\oxygine-framework\examples\demobox2d\proj.win32\debug_v140_xp\demobox2d.pdb
c:\users\josh\downloads\oxygine-framework-with-sdl (1)\oxygine-framework\examples\demobox2d\proj.win32\debug_v140_xp\demobox2d.vcxprojresolveassemblyreference.cache
c:\users\josh\downloads\oxygine-framework-with-sdl (1)\oxygine-framework\examples\demobox2d\proj.win32\debug_v140_xp\oxygine-sound.pdb
c:\users\josh\downloads\oxygine-framework-with-sdl (1)\oxygine-framework\examples\demobox2d\proj.win32\debug_v140_xp\demobox2d.tlog\cl.command.1.tlog
c:\users\josh\downloads\oxygine-framework-with-sdl (1)\oxygine-framework\examples\demobox2d\proj.win32\debug_v140_xp\demobox2d.tlog\cl.read.1.tlog
c:\users\josh\downloads\oxygine-framework-with-sdl (1)\oxygine-framework\examples\demobox2d\proj.win32\debug_v140_xp\demobox2d.tlog\cl.write.1.tlog
c:\users\josh\downloads\oxygine-framework-with-sdl (1)\oxygine-framework\examples\demobox2d\proj.win32\debug_v140_xp\demobox2d.tlog\link.command.1.tlog
c:\users\josh\downloads\oxygine-framework-with-sdl (1)\oxygine-framework\examples\demobox2d\proj.win32\debug_v140_xp\demobox2d.tlog\link.read.1.tlog
c:\users\josh\downloads\oxygine-framework-with-sdl (1)\oxygine-framework\examples\demobox2d\proj.win32\debug_v140_xp\demobox2d.tlog\link.write.1.tlog
